[09:02:22] [INIT] KubeJS 2001.6.5-build.14; MC 2001 forge
[09:02:22] [INIT] Loaded plugins:
[09:02:22] [INIT] - dev.latvian.mods.kubejs.forge.BuiltinKubeJSForgePlugin
[09:02:22] [INIT] - dev.latvian.mods.kubejs.forge.BuiltinKubeJSForgeClientPlugin
[09:02:22] [INIT] - com.squoshi.irons_spells_js.IronsSpellsJSPlugin
[09:02:22] [INIT] - com.squoshi.irons_spells_js.compat.entityjs.EntityJSPlugin
[09:02:22] [INIT] - net.liopyu.entityjs.EntityJSPlugin
[09:02:22] [INIT] - net.liopyu.animationjs.AnimationJSPlugin
[09:02:22] [INIT] - com.probejs.ProbeJSPlugin
[09:02:22] [INFO] Loaded script client_scripts:example.js in 0.0 s
[09:02:22] [INFO] Loaded script client_scripts:illusion_rendering_client (1).js in 0.001 s
[09:02:22] [INFO] Loaded 2/2 KubeJS client scripts in 0.005 s with 0 errors and 0 warnings
[09:21:51] [ERROR] ! Error in 'ItemEvents.rightClicked': Cannot invoke "net.minecraft.server.MinecraftServer.m_129880_(net.minecraft.resources.ResourceKey)" because the return value of "dev.latvian.mods.kubejs.core.EntityKJS.kjs$getServer()" is null
[09:21:51] [ERROR] ! java.lang.NullPointerException: Cannot invoke "net.minecraft.server.MinecraftServer.m_129880_(net.minecraft.resources.ResourceKey)" because the return value of "…kubejs.core.EntityKJS.kjs$getServer()" is null
[09:21:51] [ERROR] !   at …kubejs.core.EntityKJS.kjs$teleportTo(EntityKJS.java:171)
[09:21:51] [ERROR] !   at …kubejs.core.EntityKJS.kjs$setPosition(EntityKJS.java:204)
[09:21:51] [ERROR] !   at …kubejs.level.BlockContainerJS.createEntity(BlockContainerJS.java:301)
[09:21:51] [ERROR] !   at java.lang.reflect.Method.invoke(Method.java:568)
[09:21:51] [ERROR] !   at …rhino.MemberBox.invoke(MemberBox.java:160)
[09:21:51] [ERROR] !   at …rhino.NativeJavaMethod.call(NativeJavaMethod.java:463)
[09:21:51] [ERROR] !   at …rhino.Interpreter.interpretLoop(Interpreter.java:986)
[09:21:51] [ERROR] !   at …rhino.Interpreter.interpret(Interpreter.java:370)
[09:21:51] [ERROR] !   at …rhino.InterpretedFunction.call(InterpretedFunction.java:72)
[09:21:51] [ERROR] !   at …rhino.Context.callSync(Context.java:1290)
[09:21:51] [ERROR] !   at …rhino.Context.doTopCall(Context.java:1307)
[09:21:51] [ERROR] !   at …rhino.InterpretedFunction.call(InterpretedFunction.java:70)
[09:21:51] [ERROR] !   at …rhino.Context.callSync(Context.java:1290)
[09:21:51] [ERROR] !   at …rhino.ArrowFunction.call(ArrowFunction.java:42)
[09:21:51] [ERROR] !   at …rhino.Context.callSync(Context.java:1290)
[09:21:51] [ERROR] !   at …rhino.InterfaceAdapter.invoke(InterfaceAdapter.java:125)
[09:21:51] [ERROR] !   at …rhino.VMBridge.lambda$newInterfaceProxy$0(VMBridge.java:74)
[09:21:51] [ERROR] !   at TRANSFORMER/jdk.proxy3/jdk.proxy3.$Proxy55.onEvent(Unknown Source)
[09:21:51] [ERROR] !   at …kubejs.event.EventHandlerContainer.handle(EventHandlerContainer.java:39)
[09:21:51] [ERROR] !   at …kubejs.event.EventHandler.postToHandlers(EventHandler.java:304)
[09:21:51] [ERROR] !   at …kubejs.event.EventHandler.post(EventHandler.java:264)
[09:21:51] [ERROR] !   at …kubejs.event.EventHandler.post(EventHandler.java:226)
[09:21:51] [ERROR] !   at …kubejs.item.KubeJSItemEventHandler.rightClick(KubeJSItemEventHandler.java:36)
[09:21:51] [ERROR] !   at dev.architectury.event.forge.EventHandlerImplCommon.eventPlayerInteractEvent(EventHandlerImplCommon.java:328)
[09:21:51] [ERROR] !   at dev.architectury.event.forge.__EventHandlerImplCommon_eventPlayerInteractEvent_RightClickItem.invoke(.dynamic)
[09:21:51] [ERROR] !   at MC-BOOTSTRAP/net.minecraftforge.eventbus/net.minecraftforge.eventbus.ASMEventHandler.invoke(ASMEventHandler.java:73)
[09:21:51] [ERROR] !   at MC-BOOTSTRAP/net.minecraftforge.eventbus/net.minecraftforge.eventbus.EventBus.post(EventBus.java:315)
[09:21:51] [ERROR] !   at MC-BOOTSTRAP/net.minecraftforge.eventbus/net.minecraftforge.eventbus.EventBus.post(EventBus.java:296)
[09:21:51] [ERROR] !   at net.minecraftforge.common.ForgeHooks.onItemRightClick(ForgeHooks.java:771)
[09:21:51] [ERROR] !   at net.minecraft.client.multiplayer.MultiPlayerGameMode.m_233716_(MultiPlayerGameMode.java:363)
[09:21:51] [ERROR] !   at net.minecraft.client.multiplayer.MultiPlayerGameMode.m_233729_(MultiPlayerGameMode.java:250)
[09:21:51] [ERROR] !   at net.minecraft.client.multiplayer.MultiPlayerGameMode.m_233721_(MultiPlayerGameMode.java:356)
[09:21:51] [ERROR] !   at net.minecraft.client.Minecraft.m_91277_(Minecraft.java:1720)
[09:21:51] [ERROR] !   at net.minecraft.client.Minecraft.m_91279_(Minecraft.java:1976)
[09:21:51] [ERROR] !   at net.minecraft.client.Minecraft.m_91398_(Minecraft.java:1795)
[09:21:51] [ERROR] !   at net.minecraft.client.Minecraft.m_91383_(Minecraft.java:1112)
[09:21:51] [ERROR] !   at net.minecraft.client.Minecraft.m_91374_(Minecraft.java:718)
[09:21:51] [ERROR] !   at net.minecraft.client.main.Main.main(Main.java:218)
[09:21:51] [ERROR] !   at java.lang.reflect.Method.invoke(Method.java:568)
[09:21:51] [ERROR] !   at MC-BOOTSTRAP/fmlloader@1.20.1-47.3.5/net.minecraftforge.fml.loading.targets.CommonLaunchHandler.runTarget(CommonLaunchHandler.java:111)
[09:21:51] [ERROR] !   at MC-BOOTSTRAP/fmlloader@1.20.1-47.3.5/net.minecraftforge.fml.loading.targets.CommonLaunchHandler.clientService(CommonLaunchHandler.java:99)
[09:21:51] [ERROR] !   at MC-BOOTSTRAP/fmlloader@1.20.1-47.3.5/net.minecraftforge.fml.loading.targets.CommonClientLaunchHandler.lambda$makeService$0(CommonClientLaunchHandler.java:25)
[09:21:51] [ERROR] !   at MC-BOOTSTRAP/cpw.mods.modlauncher@10.0.9/cpw.mods.modlauncher.LaunchServiceHandlerDecorator.launch(LaunchServiceHandlerDecorator.java:30)
[09:21:51] [ERROR] !   at MC-BOOTSTRAP/cpw.mods.modlauncher@10.0.9/cpw.mods.modlauncher.LaunchServiceHandler.launch(LaunchServiceHandler.java:53)
[09:21:51] [ERROR] !   at MC-BOOTSTRAP/cpw.mods.modlauncher@10.0.9/cpw.mods.modlauncher.LaunchServiceHandler.launch(LaunchServiceHandler.java:71)
[09:21:51] [ERROR] !   at MC-BOOTSTRAP/cpw.mods.modlauncher@10.0.9/cpw.mods.modlauncher.Launcher.run(Launcher.java:108)
[09:21:51] [ERROR] !   at MC-BOOTSTRAP/cpw.mods.modlauncher@10.0.9/cpw.mods.modlauncher.Launcher.main(Launcher.java:78)
[09:21:51] [ERROR] !   at MC-BOOTSTRAP/cpw.mods.modlauncher@10.0.9/cpw.mods.modlauncher.BootstrapLaunchConsumer.accept(BootstrapLaunchConsumer.java:26)
[09:21:51] [ERROR] !   at MC-BOOTSTRAP/cpw.mods.modlauncher@10.0.9/cpw.mods.modlauncher.BootstrapLaunchConsumer.accept(BootstrapLaunchConsumer.java:23)
[09:21:51] [ERROR] !   at cpw.mods.bootstraplauncher@1.1.2/cpw.mods.bootstraplauncher.BootstrapLauncher.main(BootstrapLauncher.java:141)
[09:21:56] [ERROR] ! Error in 'ItemEvents.rightClicked': Cannot invoke "net.minecraft.server.MinecraftServer.m_129880_(net.minecraft.resources.ResourceKey)" because the return value of "dev.latvian.mods.kubejs.core.EntityKJS.kjs$getServer()" is null
[09:21:56] [ERROR] ! java.lang.NullPointerException: Cannot invoke "net.minecraft.server.MinecraftServer.m_129880_(net.minecraft.resources.ResourceKey)" because the return value of "…kubejs.core.EntityKJS.kjs$getServer()" is null
[09:21:56] [ERROR] !   at …kubejs.core.EntityKJS.kjs$teleportTo(EntityKJS.java:171)
[09:21:56] [ERROR] !   at …kubejs.core.EntityKJS.kjs$setPosition(EntityKJS.java:204)
[09:21:56] [ERROR] !   at …kubejs.level.BlockContainerJS.createEntity(BlockContainerJS.java:301)
[09:21:56] [ERROR] !   at java.lang.reflect.Method.invoke(Method.java:568)
[09:21:56] [ERROR] !   at …rhino.MemberBox.invoke(MemberBox.java:160)
[09:21:56] [ERROR] !   at …rhino.NativeJavaMethod.call(NativeJavaMethod.java:463)
[09:21:56] [ERROR] !   at …rhino.Interpreter.interpretLoop(Interpreter.java:986)
[09:21:56] [ERROR] !   at …rhino.Interpreter.interpret(Interpreter.java:370)
[09:21:56] [ERROR] !   at …rhino.InterpretedFunction.call(InterpretedFunction.java:72)
[09:21:56] [ERROR] !   at …rhino.Context.callSync(Context.java:1290)
[09:21:56] [ERROR] !   at …rhino.Context.doTopCall(Context.java:1307)
[09:21:56] [ERROR] !   at …rhino.InterpretedFunction.call(InterpretedFunction.java:70)
[09:21:56] [ERROR] !   at …rhino.Context.callSync(Context.java:1290)
[09:21:56] [ERROR] !   at …rhino.ArrowFunction.call(ArrowFunction.java:42)
[09:21:56] [ERROR] !   at …rhino.Context.callSync(Context.java:1290)
[09:21:56] [ERROR] !   at …rhino.InterfaceAdapter.invoke(InterfaceAdapter.java:125)
[09:21:56] [ERROR] !   at …rhino.VMBridge.lambda$newInterfaceProxy$0(VMBridge.java:74)
[09:21:56] [ERROR] !   at TRANSFORMER/jdk.proxy3/jdk.proxy3.$Proxy55.onEvent(Unknown Source)
[09:21:56] [ERROR] !   at …kubejs.event.EventHandlerContainer.handle(EventHandlerContainer.java:39)
[09:21:56] [ERROR] !   at …kubejs.event.EventHandler.postToHandlers(EventHandler.java:304)
[09:21:56] [ERROR] !   at …kubejs.event.EventHandler.post(EventHandler.java:264)
[09:21:56] [ERROR] !   at …kubejs.event.EventHandler.post(EventHandler.java:226)
[09:21:56] [ERROR] !   at …kubejs.item.KubeJSItemEventHandler.rightClick(KubeJSItemEventHandler.java:36)
[09:21:56] [ERROR] !   at dev.architectury.event.forge.EventHandlerImplCommon.eventPlayerInteractEvent(EventHandlerImplCommon.java:328)
[09:21:56] [ERROR] !   at dev.architectury.event.forge.__EventHandlerImplCommon_eventPlayerInteractEvent_RightClickItem.invoke(.dynamic)
[09:21:56] [ERROR] !   at MC-BOOTSTRAP/net.minecraftforge.eventbus/net.minecraftforge.eventbus.ASMEventHandler.invoke(ASMEventHandler.java:73)
[09:21:56] [ERROR] !   at MC-BOOTSTRAP/net.minecraftforge.eventbus/net.minecraftforge.eventbus.EventBus.post(EventBus.java:315)
[09:21:56] [ERROR] !   at MC-BOOTSTRAP/net.minecraftforge.eventbus/net.minecraftforge.eventbus.EventBus.post(EventBus.java:296)
[09:21:56] [ERROR] !   at net.minecraftforge.common.ForgeHooks.onItemRightClick(ForgeHooks.java:771)
[09:21:56] [ERROR] !   at net.minecraft.client.multiplayer.MultiPlayerGameMode.m_233716_(MultiPlayerGameMode.java:363)
[09:21:56] [ERROR] !   at net.minecraft.client.multiplayer.MultiPlayerGameMode.m_233729_(MultiPlayerGameMode.java:250)
[09:21:56] [ERROR] !   at net.minecraft.client.multiplayer.MultiPlayerGameMode.m_233721_(MultiPlayerGameMode.java:356)
[09:21:56] [ERROR] !   at net.minecraft.client.Minecraft.m_91277_(Minecraft.java:1720)
[09:21:56] [ERROR] !   at net.minecraft.client.Minecraft.m_91279_(Minecraft.java:1976)
[09:21:56] [ERROR] !   at net.minecraft.client.Minecraft.m_91398_(Minecraft.java:1795)
[09:21:56] [ERROR] !   at net.minecraft.client.Minecraft.m_91383_(Minecraft.java:1112)
[09:21:56] [ERROR] !   at net.minecraft.client.Minecraft.m_91374_(Minecraft.java:718)
[09:21:56] [ERROR] !   at net.minecraft.client.main.Main.main(Main.java:218)
[09:21:56] [ERROR] !   at java.lang.reflect.Method.invoke(Method.java:568)
[09:21:56] [ERROR] !   at MC-BOOTSTRAP/fmlloader@1.20.1-47.3.5/net.minecraftforge.fml.loading.targets.CommonLaunchHandler.runTarget(CommonLaunchHandler.java:111)
[09:21:56] [ERROR] !   at MC-BOOTSTRAP/fmlloader@1.20.1-47.3.5/net.minecraftforge.fml.loading.targets.CommonLaunchHandler.clientService(CommonLaunchHandler.java:99)
[09:21:56] [ERROR] !   at MC-BOOTSTRAP/fmlloader@1.20.1-47.3.5/net.minecraftforge.fml.loading.targets.CommonClientLaunchHandler.lambda$makeService$0(CommonClientLaunchHandler.java:25)
[09:21:56] [ERROR] !   at MC-BOOTSTRAP/cpw.mods.modlauncher@10.0.9/cpw.mods.modlauncher.LaunchServiceHandlerDecorator.launch(LaunchServiceHandlerDecorator.java:30)
[09:21:56] [ERROR] !   at MC-BOOTSTRAP/cpw.mods.modlauncher@10.0.9/cpw.mods.modlauncher.LaunchServiceHandler.launch(LaunchServiceHandler.java:53)
[09:21:56] [ERROR] !   at MC-BOOTSTRAP/cpw.mods.modlauncher@10.0.9/cpw.mods.modlauncher.LaunchServiceHandler.launch(LaunchServiceHandler.java:71)
[09:21:56] [ERROR] !   at MC-BOOTSTRAP/cpw.mods.modlauncher@10.0.9/cpw.mods.modlauncher.Launcher.run(Launcher.java:108)
[09:21:56] [ERROR] !   at MC-BOOTSTRAP/cpw.mods.modlauncher@10.0.9/cpw.mods.modlauncher.Launcher.main(Launcher.java:78)
[09:21:56] [ERROR] !   at MC-BOOTSTRAP/cpw.mods.modlauncher@10.0.9/cpw.mods.modlauncher.BootstrapLaunchConsumer.accept(BootstrapLaunchConsumer.java:26)
[09:21:56] [ERROR] !   at MC-BOOTSTRAP/cpw.mods.modlauncher@10.0.9/cpw.mods.modlauncher.BootstrapLaunchConsumer.accept(BootstrapLaunchConsumer.java:23)
[09:21:56] [ERROR] !   at cpw.mods.bootstraplauncher@1.1.2/cpw.mods.bootstraplauncher.BootstrapLauncher.main(BootstrapLauncher.java:141)
[09:21:59] [ERROR] ! Error in 'ItemEvents.rightClicked': Cannot invoke "net.minecraft.server.MinecraftServer.m_129880_(net.minecraft.resources.ResourceKey)" because the return value of "dev.latvian.mods.kubejs.core.EntityKJS.kjs$getServer()" is null
[09:21:59] [ERROR] ! java.lang.NullPointerException: Cannot invoke "net.minecraft.server.MinecraftServer.m_129880_(net.minecraft.resources.ResourceKey)" because the return value of "…kubejs.core.EntityKJS.kjs$getServer()" is null
[09:21:59] [ERROR] !   at …kubejs.core.EntityKJS.kjs$teleportTo(EntityKJS.java:171)
[09:21:59] [ERROR] !   at …kubejs.core.EntityKJS.kjs$setPosition(EntityKJS.java:204)
[09:21:59] [ERROR] !   at …kubejs.level.BlockContainerJS.createEntity(BlockContainerJS.java:301)
[09:21:59] [ERROR] !   at java.lang.reflect.Method.invoke(Method.java:568)
[09:21:59] [ERROR] !   at …rhino.MemberBox.invoke(MemberBox.java:160)
[09:21:59] [ERROR] !   at …rhino.NativeJavaMethod.call(NativeJavaMethod.java:463)
[09:21:59] [ERROR] !   at …rhino.Interpreter.interpretLoop(Interpreter.java:986)
[09:21:59] [ERROR] !   at …rhino.Interpreter.interpret(Interpreter.java:370)
[09:21:59] [ERROR] !   at …rhino.InterpretedFunction.call(InterpretedFunction.java:72)
[09:21:59] [ERROR] !   at …rhino.Context.callSync(Context.java:1290)
[09:21:59] [ERROR] !   at …rhino.Context.doTopCall(Context.java:1307)
[09:21:59] [ERROR] !   at …rhino.InterpretedFunction.call(InterpretedFunction.java:70)
[09:21:59] [ERROR] !   at …rhino.Context.callSync(Context.java:1290)
[09:21:59] [ERROR] !   at …rhino.ArrowFunction.call(ArrowFunction.java:42)
[09:21:59] [ERROR] !   at …rhino.Context.callSync(Context.java:1290)
[09:21:59] [ERROR] !   at …rhino.InterfaceAdapter.invoke(InterfaceAdapter.java:125)
[09:21:59] [ERROR] !   at …rhino.VMBridge.lambda$newInterfaceProxy$0(VMBridge.java:74)
[09:21:59] [ERROR] !   at TRANSFORMER/jdk.proxy3/jdk.proxy3.$Proxy55.onEvent(Unknown Source)
[09:21:59] [ERROR] !   at …kubejs.event.EventHandlerContainer.handle(EventHandlerContainer.java:39)
[09:21:59] [ERROR] !   at …kubejs.event.EventHandler.postToHandlers(EventHandler.java:304)
[09:21:59] [ERROR] !   at …kubejs.event.EventHandler.post(EventHandler.java:264)
[09:21:59] [ERROR] !   at …kubejs.event.EventHandler.post(EventHandler.java:226)
[09:21:59] [ERROR] !   at …kubejs.item.KubeJSItemEventHandler.rightClick(KubeJSItemEventHandler.java:36)
[09:21:59] [ERROR] !   at dev.architectury.event.forge.EventHandlerImplCommon.eventPlayerInteractEvent(EventHandlerImplCommon.java:328)
[09:21:59] [ERROR] !   at dev.architectury.event.forge.__EventHandlerImplCommon_eventPlayerInteractEvent_RightClickItem.invoke(.dynamic)
[09:21:59] [ERROR] !   at MC-BOOTSTRAP/net.minecraftforge.eventbus/net.minecraftforge.eventbus.ASMEventHandler.invoke(ASMEventHandler.java:73)
[09:21:59] [ERROR] !   at MC-BOOTSTRAP/net.minecraftforge.eventbus/net.minecraftforge.eventbus.EventBus.post(EventBus.java:315)
[09:21:59] [ERROR] !   at MC-BOOTSTRAP/net.minecraftforge.eventbus/net.minecraftforge.eventbus.EventBus.post(EventBus.java:296)
[09:21:59] [ERROR] !   at net.minecraftforge.common.ForgeHooks.onItemRightClick(ForgeHooks.java:771)
[09:21:59] [ERROR] !   at net.minecraft.client.multiplayer.MultiPlayerGameMode.m_233716_(MultiPlayerGameMode.java:363)
[09:21:59] [ERROR] !   at net.minecraft.client.multiplayer.MultiPlayerGameMode.m_233729_(MultiPlayerGameMode.java:250)
[09:21:59] [ERROR] !   at net.minecraft.client.multiplayer.MultiPlayerGameMode.m_233721_(MultiPlayerGameMode.java:356)
[09:21:59] [ERROR] !   at net.minecraft.client.Minecraft.m_91277_(Minecraft.java:1720)
[09:21:59] [ERROR] !   at net.minecraft.client.Minecraft.m_91279_(Minecraft.java:1976)
[09:21:59] [ERROR] !   at net.minecraft.client.Minecraft.m_91398_(Minecraft.java:1795)
[09:21:59] [ERROR] !   at net.minecraft.client.Minecraft.m_91383_(Minecraft.java:1112)
[09:21:59] [ERROR] !   at net.minecraft.client.Minecraft.m_91374_(Minecraft.java:718)
[09:21:59] [ERROR] !   at net.minecraft.client.main.Main.main(Main.java:218)
[09:21:59] [ERROR] !   at java.lang.reflect.Method.invoke(Method.java:568)
[09:21:59] [ERROR] !   at MC-BOOTSTRAP/fmlloader@1.20.1-47.3.5/net.minecraftforge.fml.loading.targets.CommonLaunchHandler.runTarget(CommonLaunchHandler.java:111)
[09:21:59] [ERROR] !   at MC-BOOTSTRAP/fmlloader@1.20.1-47.3.5/net.minecraftforge.fml.loading.targets.CommonLaunchHandler.clientService(CommonLaunchHandler.java:99)
[09:21:59] [ERROR] !   at MC-BOOTSTRAP/fmlloader@1.20.1-47.3.5/net.minecraftforge.fml.loading.targets.CommonClientLaunchHandler.lambda$makeService$0(CommonClientLaunchHandler.java:25)
[09:21:59] [ERROR] !   at MC-BOOTSTRAP/cpw.mods.modlauncher@10.0.9/cpw.mods.modlauncher.LaunchServiceHandlerDecorator.launch(LaunchServiceHandlerDecorator.java:30)
[09:21:59] [ERROR] !   at MC-BOOTSTRAP/cpw.mods.modlauncher@10.0.9/cpw.mods.modlauncher.LaunchServiceHandler.launch(LaunchServiceHandler.java:53)
[09:21:59] [ERROR] !   at MC-BOOTSTRAP/cpw.mods.modlauncher@10.0.9/cpw.mods.modlauncher.LaunchServiceHandler.launch(LaunchServiceHandler.java:71)
[09:21:59] [ERROR] !   at MC-BOOTSTRAP/cpw.mods.modlauncher@10.0.9/cpw.mods.modlauncher.Launcher.run(Launcher.java:108)
[09:21:59] [ERROR] !   at MC-BOOTSTRAP/cpw.mods.modlauncher@10.0.9/cpw.mods.modlauncher.Launcher.main(Launcher.java:78)
[09:21:59] [ERROR] !   at MC-BOOTSTRAP/cpw.mods.modlauncher@10.0.9/cpw.mods.modlauncher.BootstrapLaunchConsumer.accept(BootstrapLaunchConsumer.java:26)
[09:21:59] [ERROR] !   at MC-BOOTSTRAP/cpw.mods.modlauncher@10.0.9/cpw.mods.modlauncher.BootstrapLaunchConsumer.accept(BootstrapLaunchConsumer.java:23)
[09:21:59] [ERROR] !   at cpw.mods.bootstraplauncher@1.1.2/cpw.mods.bootstraplauncher.BootstrapLauncher.main(BootstrapLauncher.java:141)
[09:54:00] [ERROR] ! Error in 'ItemEvents.rightClicked': Cannot invoke "net.minecraft.server.MinecraftServer.m_129880_(net.minecraft.resources.ResourceKey)" because the return value of "dev.latvian.mods.kubejs.core.EntityKJS.kjs$getServer()" is null
[09:54:00] [ERROR] ! java.lang.NullPointerException: Cannot invoke "net.minecraft.server.MinecraftServer.m_129880_(net.minecraft.resources.ResourceKey)" because the return value of "…kubejs.core.EntityKJS.kjs$getServer()" is null
[09:54:00] [ERROR] !   at …kubejs.core.EntityKJS.kjs$teleportTo(EntityKJS.java:171)
[09:54:00] [ERROR] !   at …kubejs.core.EntityKJS.kjs$setPosition(EntityKJS.java:204)
[09:54:00] [ERROR] !   at …kubejs.level.BlockContainerJS.createEntity(BlockContainerJS.java:301)
[09:54:00] [ERROR] !   at java.lang.reflect.Method.invoke(Method.java:568)
[09:54:00] [ERROR] !   at …rhino.MemberBox.invoke(MemberBox.java:160)
[09:54:00] [ERROR] !   at …rhino.NativeJavaMethod.call(NativeJavaMethod.java:463)
[09:54:00] [ERROR] !   at …rhino.Interpreter.interpretLoop(Interpreter.java:986)
[09:54:00] [ERROR] !   at …rhino.Interpreter.interpret(Interpreter.java:370)
[09:54:00] [ERROR] !   at …rhino.InterpretedFunction.call(InterpretedFunction.java:72)
[09:54:00] [ERROR] !   at …rhino.Context.callSync(Context.java:1290)
[09:54:00] [ERROR] !   at …rhino.Context.doTopCall(Context.java:1307)
[09:54:00] [ERROR] !   at …rhino.InterpretedFunction.call(InterpretedFunction.java:70)
[09:54:00] [ERROR] !   at …rhino.Context.callSync(Context.java:1290)
[09:54:00] [ERROR] !   at …rhino.ArrowFunction.call(ArrowFunction.java:42)
[09:54:00] [ERROR] !   at …rhino.Context.callSync(Context.java:1290)
[09:54:00] [ERROR] !   at …rhino.InterfaceAdapter.invoke(InterfaceAdapter.java:125)
[09:54:00] [ERROR] !   at …rhino.VMBridge.lambda$newInterfaceProxy$0(VMBridge.java:74)
[09:54:00] [ERROR] !   at TRANSFORMER/jdk.proxy3/jdk.proxy3.$Proxy55.onEvent(Unknown Source)
[09:54:00] [ERROR] !   at …kubejs.event.EventHandlerContainer.handle(EventHandlerContainer.java:39)
[09:54:00] [ERROR] !   at …kubejs.event.EventHandler.postToHandlers(EventHandler.java:304)
[09:54:00] [ERROR] !   at …kubejs.event.EventHandler.post(EventHandler.java:264)
[09:54:00] [ERROR] !   at …kubejs.event.EventHandler.post(EventHandler.java:226)
[09:54:00] [ERROR] !   at …kubejs.item.KubeJSItemEventHandler.rightClick(KubeJSItemEventHandler.java:36)
[09:54:00] [ERROR] !   at dev.architectury.event.forge.EventHandlerImplCommon.eventPlayerInteractEvent(EventHandlerImplCommon.java:328)
[09:54:00] [ERROR] !   at dev.architectury.event.forge.__EventHandlerImplCommon_eventPlayerInteractEvent_RightClickItem.invoke(.dynamic)
[09:54:00] [ERROR] !   at MC-BOOTSTRAP/net.minecraftforge.eventbus/net.minecraftforge.eventbus.ASMEventHandler.invoke(ASMEventHandler.java:73)
[09:54:00] [ERROR] !   at MC-BOOTSTRAP/net.minecraftforge.eventbus/net.minecraftforge.eventbus.EventBus.post(EventBus.java:315)
[09:54:00] [ERROR] !   at MC-BOOTSTRAP/net.minecraftforge.eventbus/net.minecraftforge.eventbus.EventBus.post(EventBus.java:296)
[09:54:00] [ERROR] !   at net.minecraftforge.common.ForgeHooks.onItemRightClick(ForgeHooks.java:771)
[09:54:00] [ERROR] !   at net.minecraft.client.multiplayer.MultiPlayerGameMode.m_233716_(MultiPlayerGameMode.java:363)
[09:54:00] [ERROR] !   at net.minecraft.client.multiplayer.MultiPlayerGameMode.m_233729_(MultiPlayerGameMode.java:250)
[09:54:00] [ERROR] !   at net.minecraft.client.multiplayer.MultiPlayerGameMode.m_233721_(MultiPlayerGameMode.java:356)
[09:54:00] [ERROR] !   at net.minecraft.client.Minecraft.m_91277_(Minecraft.java:1720)
[09:54:00] [ERROR] !   at net.minecraft.client.Minecraft.m_91279_(Minecraft.java:1976)
[09:54:00] [ERROR] !   at net.minecraft.client.Minecraft.m_91398_(Minecraft.java:1795)
[09:54:00] [ERROR] !   at net.minecraft.client.Minecraft.m_91383_(Minecraft.java:1112)
[09:54:00] [ERROR] !   at net.minecraft.client.Minecraft.m_91374_(Minecraft.java:718)
[09:54:00] [ERROR] !   at net.minecraft.client.main.Main.main(Main.java:218)
[09:54:00] [ERROR] !   at java.lang.reflect.Method.invoke(Method.java:568)
[09:54:00] [ERROR] !   at MC-BOOTSTRAP/fmlloader@1.20.1-47.3.5/net.minecraftforge.fml.loading.targets.CommonLaunchHandler.runTarget(CommonLaunchHandler.java:111)
[09:54:00] [ERROR] !   at MC-BOOTSTRAP/fmlloader@1.20.1-47.3.5/net.minecraftforge.fml.loading.targets.CommonLaunchHandler.clientService(CommonLaunchHandler.java:99)
[09:54:00] [ERROR] !   at MC-BOOTSTRAP/fmlloader@1.20.1-47.3.5/net.minecraftforge.fml.loading.targets.CommonClientLaunchHandler.lambda$makeService$0(CommonClientLaunchHandler.java:25)
[09:54:00] [ERROR] !   at MC-BOOTSTRAP/cpw.mods.modlauncher@10.0.9/cpw.mods.modlauncher.LaunchServiceHandlerDecorator.launch(LaunchServiceHandlerDecorator.java:30)
[09:54:00] [ERROR] !   at MC-BOOTSTRAP/cpw.mods.modlauncher@10.0.9/cpw.mods.modlauncher.LaunchServiceHandler.launch(LaunchServiceHandler.java:53)
[09:54:00] [ERROR] !   at MC-BOOTSTRAP/cpw.mods.modlauncher@10.0.9/cpw.mods.modlauncher.LaunchServiceHandler.launch(LaunchServiceHandler.java:71)
[09:54:00] [ERROR] !   at MC-BOOTSTRAP/cpw.mods.modlauncher@10.0.9/cpw.mods.modlauncher.Launcher.run(Launcher.java:108)
[09:54:00] [ERROR] !   at MC-BOOTSTRAP/cpw.mods.modlauncher@10.0.9/cpw.mods.modlauncher.Launcher.main(Launcher.java:78)
[09:54:00] [ERROR] !   at MC-BOOTSTRAP/cpw.mods.modlauncher@10.0.9/cpw.mods.modlauncher.BootstrapLaunchConsumer.accept(BootstrapLaunchConsumer.java:26)
[09:54:00] [ERROR] !   at MC-BOOTSTRAP/cpw.mods.modlauncher@10.0.9/cpw.mods.modlauncher.BootstrapLaunchConsumer.accept(BootstrapLaunchConsumer.java:23)
[09:54:00] [ERROR] !   at cpw.mods.bootstraplauncher@1.1.2/cpw.mods.bootstraplauncher.BootstrapLauncher.main(BootstrapLauncher.java:141)
[09:54:02] [ERROR] ! Error in 'ItemEvents.rightClicked': Cannot invoke "net.minecraft.server.MinecraftServer.m_129880_(net.minecraft.resources.ResourceKey)" because the return value of "dev.latvian.mods.kubejs.core.EntityKJS.kjs$getServer()" is null
[09:54:02] [ERROR] ! java.lang.NullPointerException: Cannot invoke "net.minecraft.server.MinecraftServer.m_129880_(net.minecraft.resources.ResourceKey)" because the return value of "…kubejs.core.EntityKJS.kjs$getServer()" is null
[09:54:02] [ERROR] !   at …kubejs.core.EntityKJS.kjs$teleportTo(EntityKJS.java:171)
[09:54:02] [ERROR] !   at …kubejs.core.EntityKJS.kjs$setPosition(EntityKJS.java:204)
[09:54:02] [ERROR] !   at …kubejs.level.BlockContainerJS.createEntity(BlockContainerJS.java:301)
[09:54:02] [ERROR] !   at java.lang.reflect.Method.invoke(Method.java:568)
[09:54:02] [ERROR] !   at …rhino.MemberBox.invoke(MemberBox.java:160)
[09:54:02] [ERROR] !   at …rhino.NativeJavaMethod.call(NativeJavaMethod.java:463)
[09:54:02] [ERROR] !   at …rhino.Interpreter.interpretLoop(Interpreter.java:986)
[09:54:02] [ERROR] !   at …rhino.Interpreter.interpret(Interpreter.java:370)
[09:54:02] [ERROR] !   at …rhino.InterpretedFunction.call(InterpretedFunction.java:72)
[09:54:02] [ERROR] !   at …rhino.Context.callSync(Context.java:1290)
[09:54:02] [ERROR] !   at …rhino.Context.doTopCall(Context.java:1307)
[09:54:02] [ERROR] !   at …rhino.InterpretedFunction.call(InterpretedFunction.java:70)
[09:54:02] [ERROR] !   at …rhino.Context.callSync(Context.java:1290)
[09:54:02] [ERROR] !   at …rhino.ArrowFunction.call(ArrowFunction.java:42)
[09:54:02] [ERROR] !   at …rhino.Context.callSync(Context.java:1290)
[09:54:02] [ERROR] !   at …rhino.InterfaceAdapter.invoke(InterfaceAdapter.java:125)
[09:54:02] [ERROR] !   at …rhino.VMBridge.lambda$newInterfaceProxy$0(VMBridge.java:74)
[09:54:02] [ERROR] !   at TRANSFORMER/jdk.proxy3/jdk.proxy3.$Proxy55.onEvent(Unknown Source)
[09:54:02] [ERROR] !   at …kubejs.event.EventHandlerContainer.handle(EventHandlerContainer.java:39)
[09:54:02] [ERROR] !   at …kubejs.event.EventHandler.postToHandlers(EventHandler.java:304)
[09:54:02] [ERROR] !   at …kubejs.event.EventHandler.post(EventHandler.java:264)
[09:54:02] [ERROR] !   at …kubejs.event.EventHandler.post(EventHandler.java:226)
[09:54:02] [ERROR] !   at …kubejs.item.KubeJSItemEventHandler.rightClick(KubeJSItemEventHandler.java:36)
[09:54:02] [ERROR] !   at dev.architectury.event.forge.EventHandlerImplCommon.eventPlayerInteractEvent(EventHandlerImplCommon.java:328)
[09:54:02] [ERROR] !   at dev.architectury.event.forge.__EventHandlerImplCommon_eventPlayerInteractEvent_RightClickItem.invoke(.dynamic)
[09:54:02] [ERROR] !   at MC-BOOTSTRAP/net.minecraftforge.eventbus/net.minecraftforge.eventbus.ASMEventHandler.invoke(ASMEventHandler.java:73)
[09:54:02] [ERROR] !   at MC-BOOTSTRAP/net.minecraftforge.eventbus/net.minecraftforge.eventbus.EventBus.post(EventBus.java:315)
[09:54:02] [ERROR] !   at MC-BOOTSTRAP/net.minecraftforge.eventbus/net.minecraftforge.eventbus.EventBus.post(EventBus.java:296)
[09:54:02] [ERROR] !   at net.minecraftforge.common.ForgeHooks.onItemRightClick(ForgeHooks.java:771)
[09:54:02] [ERROR] !   at net.minecraft.client.multiplayer.MultiPlayerGameMode.m_233716_(MultiPlayerGameMode.java:363)
[09:54:02] [ERROR] !   at net.minecraft.client.multiplayer.MultiPlayerGameMode.m_233729_(MultiPlayerGameMode.java:250)
[09:54:02] [ERROR] !   at net.minecraft.client.multiplayer.MultiPlayerGameMode.m_233721_(MultiPlayerGameMode.java:356)
[09:54:02] [ERROR] !   at net.minecraft.client.Minecraft.m_91277_(Minecraft.java:1720)
[09:54:02] [ERROR] !   at net.minecraft.client.Minecraft.m_91279_(Minecraft.java:1976)
[09:54:02] [ERROR] !   at net.minecraft.client.Minecraft.m_91398_(Minecraft.java:1795)
[09:54:02] [ERROR] !   at net.minecraft.client.Minecraft.m_91383_(Minecraft.java:1112)
[09:54:02] [ERROR] !   at net.minecraft.client.Minecraft.m_91374_(Minecraft.java:718)
[09:54:02] [ERROR] !   at net.minecraft.client.main.Main.main(Main.java:218)
[09:54:02] [ERROR] !   at java.lang.reflect.Method.invoke(Method.java:568)
[09:54:02] [ERROR] !   at MC-BOOTSTRAP/fmlloader@1.20.1-47.3.5/net.minecraftforge.fml.loading.targets.CommonLaunchHandler.runTarget(CommonLaunchHandler.java:111)
[09:54:02] [ERROR] !   at MC-BOOTSTRAP/fmlloader@1.20.1-47.3.5/net.minecraftforge.fml.loading.targets.CommonLaunchHandler.clientService(CommonLaunchHandler.java:99)
[09:54:02] [ERROR] !   at MC-BOOTSTRAP/fmlloader@1.20.1-47.3.5/net.minecraftforge.fml.loading.targets.CommonClientLaunchHandler.lambda$makeService$0(CommonClientLaunchHandler.java:25)
[09:54:02] [ERROR] !   at MC-BOOTSTRAP/cpw.mods.modlauncher@10.0.9/cpw.mods.modlauncher.LaunchServiceHandlerDecorator.launch(LaunchServiceHandlerDecorator.java:30)
[09:54:02] [ERROR] !   at MC-BOOTSTRAP/cpw.mods.modlauncher@10.0.9/cpw.mods.modlauncher.LaunchServiceHandler.launch(LaunchServiceHandler.java:53)
[09:54:02] [ERROR] !   at MC-BOOTSTRAP/cpw.mods.modlauncher@10.0.9/cpw.mods.modlauncher.LaunchServiceHandler.launch(LaunchServiceHandler.java:71)
[09:54:02] [ERROR] !   at MC-BOOTSTRAP/cpw.mods.modlauncher@10.0.9/cpw.mods.modlauncher.Launcher.run(Launcher.java:108)
[09:54:02] [ERROR] !   at MC-BOOTSTRAP/cpw.mods.modlauncher@10.0.9/cpw.mods.modlauncher.Launcher.main(Launcher.java:78)
[09:54:02] [ERROR] !   at MC-BOOTSTRAP/cpw.mods.modlauncher@10.0.9/cpw.mods.modlauncher.BootstrapLaunchConsumer.accept(BootstrapLaunchConsumer.java:26)
[09:54:02] [ERROR] !   at MC-BOOTSTRAP/cpw.mods.modlauncher@10.0.9/cpw.mods.modlauncher.BootstrapLaunchConsumer.accept(BootstrapLaunchConsumer.java:23)
[09:54:02] [ERROR] !   at cpw.mods.bootstraplauncher@1.1.2/cpw.mods.bootstraplauncher.BootstrapLauncher.main(BootstrapLauncher.java:141)
[09:54:07] [ERROR] ! Error in 'ItemEvents.rightClicked': Cannot invoke "net.minecraft.server.MinecraftServer.m_129880_(net.minecraft.resources.ResourceKey)" because the return value of "dev.latvian.mods.kubejs.core.EntityKJS.kjs$getServer()" is null
[09:54:07] [ERROR] ! java.lang.NullPointerException: Cannot invoke "net.minecraft.server.MinecraftServer.m_129880_(net.minecraft.resources.ResourceKey)" because the return value of "…kubejs.core.EntityKJS.kjs$getServer()" is null
[09:54:07] [ERROR] !   at …kubejs.core.EntityKJS.kjs$teleportTo(EntityKJS.java:171)
[09:54:07] [ERROR] !   at …kubejs.core.EntityKJS.kjs$setPosition(EntityKJS.java:204)
[09:54:07] [ERROR] !   at …kubejs.level.BlockContainerJS.createEntity(BlockContainerJS.java:301)
[09:54:07] [ERROR] !   at java.lang.reflect.Method.invoke(Method.java:568)
[09:54:07] [ERROR] !   at …rhino.MemberBox.invoke(MemberBox.java:160)
[09:54:07] [ERROR] !   at …rhino.NativeJavaMethod.call(NativeJavaMethod.java:463)
[09:54:07] [ERROR] !   at …rhino.Interpreter.interpretLoop(Interpreter.java:986)
[09:54:07] [ERROR] !   at …rhino.Interpreter.interpret(Interpreter.java:370)
[09:54:07] [ERROR] !   at …rhino.InterpretedFunction.call(InterpretedFunction.java:72)
[09:54:07] [ERROR] !   at …rhino.Context.callSync(Context.java:1290)
[09:54:07] [ERROR] !   at …rhino.Context.doTopCall(Context.java:1307)
[09:54:07] [ERROR] !   at …rhino.InterpretedFunction.call(InterpretedFunction.java:70)
[09:54:07] [ERROR] !   at …rhino.Context.callSync(Context.java:1290)
[09:54:07] [ERROR] !   at …rhino.ArrowFunction.call(ArrowFunction.java:42)
[09:54:07] [ERROR] !   at …rhino.Context.callSync(Context.java:1290)
[09:54:07] [ERROR] !   at …rhino.InterfaceAdapter.invoke(InterfaceAdapter.java:125)
[09:54:07] [ERROR] !   at …rhino.VMBridge.lambda$newInterfaceProxy$0(VMBridge.java:74)
[09:54:07] [ERROR] !   at TRANSFORMER/jdk.proxy3/jdk.proxy3.$Proxy55.onEvent(Unknown Source)
[09:54:07] [ERROR] !   at …kubejs.event.EventHandlerContainer.handle(EventHandlerContainer.java:39)
[09:54:07] [ERROR] !   at …kubejs.event.EventHandler.postToHandlers(EventHandler.java:304)
[09:54:07] [ERROR] !   at …kubejs.event.EventHandler.post(EventHandler.java:264)
[09:54:07] [ERROR] !   at …kubejs.event.EventHandler.post(EventHandler.java:226)
[09:54:07] [ERROR] !   at …kubejs.item.KubeJSItemEventHandler.rightClick(KubeJSItemEventHandler.java:36)
[09:54:07] [ERROR] !   at dev.architectury.event.forge.EventHandlerImplCommon.eventPlayerInteractEvent(EventHandlerImplCommon.java:328)
[09:54:07] [ERROR] !   at dev.architectury.event.forge.__EventHandlerImplCommon_eventPlayerInteractEvent_RightClickItem.invoke(.dynamic)
[09:54:07] [ERROR] !   at MC-BOOTSTRAP/net.minecraftforge.eventbus/net.minecraftforge.eventbus.ASMEventHandler.invoke(ASMEventHandler.java:73)
[09:54:07] [ERROR] !   at MC-BOOTSTRAP/net.minecraftforge.eventbus/net.minecraftforge.eventbus.EventBus.post(EventBus.java:315)
[09:54:07] [ERROR] !   at MC-BOOTSTRAP/net.minecraftforge.eventbus/net.minecraftforge.eventbus.EventBus.post(EventBus.java:296)
[09:54:07] [ERROR] !   at net.minecraftforge.common.ForgeHooks.onItemRightClick(ForgeHooks.java:771)
[09:54:07] [ERROR] !   at net.minecraft.client.multiplayer.MultiPlayerGameMode.m_233716_(MultiPlayerGameMode.java:363)
[09:54:07] [ERROR] !   at net.minecraft.client.multiplayer.MultiPlayerGameMode.m_233729_(MultiPlayerGameMode.java:250)
[09:54:07] [ERROR] !   at net.minecraft.client.multiplayer.MultiPlayerGameMode.m_233721_(MultiPlayerGameMode.java:356)
[09:54:07] [ERROR] !   at net.minecraft.client.Minecraft.m_91277_(Minecraft.java:1720)
[09:54:07] [ERROR] !   at net.minecraft.client.Minecraft.m_91279_(Minecraft.java:1976)
[09:54:07] [ERROR] !   at net.minecraft.client.Minecraft.m_91398_(Minecraft.java:1795)
[09:54:07] [ERROR] !   at net.minecraft.client.Minecraft.m_91383_(Minecraft.java:1112)
[09:54:07] [ERROR] !   at net.minecraft.client.Minecraft.m_91374_(Minecraft.java:718)
[09:54:07] [ERROR] !   at net.minecraft.client.main.Main.main(Main.java:218)
[09:54:07] [ERROR] !   at java.lang.reflect.Method.invoke(Method.java:568)
[09:54:07] [ERROR] !   at MC-BOOTSTRAP/fmlloader@1.20.1-47.3.5/net.minecraftforge.fml.loading.targets.CommonLaunchHandler.runTarget(CommonLaunchHandler.java:111)
[09:54:07] [ERROR] !   at MC-BOOTSTRAP/fmlloader@1.20.1-47.3.5/net.minecraftforge.fml.loading.targets.CommonLaunchHandler.clientService(CommonLaunchHandler.java:99)
[09:54:07] [ERROR] !   at MC-BOOTSTRAP/fmlloader@1.20.1-47.3.5/net.minecraftforge.fml.loading.targets.CommonClientLaunchHandler.lambda$makeService$0(CommonClientLaunchHandler.java:25)
[09:54:07] [ERROR] !   at MC-BOOTSTRAP/cpw.mods.modlauncher@10.0.9/cpw.mods.modlauncher.LaunchServiceHandlerDecorator.launch(LaunchServiceHandlerDecorator.java:30)
[09:54:07] [ERROR] !   at MC-BOOTSTRAP/cpw.mods.modlauncher@10.0.9/cpw.mods.modlauncher.LaunchServiceHandler.launch(LaunchServiceHandler.java:53)
[09:54:07] [ERROR] !   at MC-BOOTSTRAP/cpw.mods.modlauncher@10.0.9/cpw.mods.modlauncher.LaunchServiceHandler.launch(LaunchServiceHandler.java:71)
[09:54:07] [ERROR] !   at MC-BOOTSTRAP/cpw.mods.modlauncher@10.0.9/cpw.mods.modlauncher.Launcher.run(Launcher.java:108)
[09:54:07] [ERROR] !   at MC-BOOTSTRAP/cpw.mods.modlauncher@10.0.9/cpw.mods.modlauncher.Launcher.main(Launcher.java:78)
[09:54:07] [ERROR] !   at MC-BOOTSTRAP/cpw.mods.modlauncher@10.0.9/cpw.mods.modlauncher.BootstrapLaunchConsumer.accept(BootstrapLaunchConsumer.java:26)
[09:54:07] [ERROR] !   at MC-BOOTSTRAP/cpw.mods.modlauncher@10.0.9/cpw.mods.modlauncher.BootstrapLaunchConsumer.accept(BootstrapLaunchConsumer.java:23)
[09:54:07] [ERROR] !   at cpw.mods.bootstraplauncher@1.1.2/cpw.mods.bootstraplauncher.BootstrapLauncher.main(BootstrapLauncher.java:141)
[11:23:58] [ERROR] ! Error in 'ItemEvents.rightClicked': Cannot invoke "net.minecraft.server.MinecraftServer.m_129880_(net.minecraft.resources.ResourceKey)" because the return value of "dev.latvian.mods.kubejs.core.EntityKJS.kjs$getServer()" is null
[11:23:58] [ERROR] ! java.lang.NullPointerException: Cannot invoke "net.minecraft.server.MinecraftServer.m_129880_(net.minecraft.resources.ResourceKey)" because the return value of "…kubejs.core.EntityKJS.kjs$getServer()" is null
[11:23:58] [ERROR] !   at …kubejs.core.EntityKJS.kjs$teleportTo(EntityKJS.java:171)
[11:23:58] [ERROR] !   at …kubejs.core.EntityKJS.kjs$setPosition(EntityKJS.java:204)
[11:23:58] [ERROR] !   at …kubejs.level.BlockContainerJS.createEntity(BlockContainerJS.java:301)
[11:23:58] [ERROR] !   at java.lang.reflect.Method.invoke(Method.java:568)
[11:23:58] [ERROR] !   at …rhino.MemberBox.invoke(MemberBox.java:160)
[11:23:58] [ERROR] !   at …rhino.NativeJavaMethod.call(NativeJavaMethod.java:463)
[11:23:58] [ERROR] !   at …rhino.Interpreter.interpretLoop(Interpreter.java:986)
[11:23:58] [ERROR] !   at …rhino.Interpreter.interpret(Interpreter.java:370)
[11:23:58] [ERROR] !   at …rhino.InterpretedFunction.call(InterpretedFunction.java:72)
[11:23:58] [ERROR] !   at …rhino.Context.callSync(Context.java:1290)
[11:23:58] [ERROR] !   at …rhino.Context.doTopCall(Context.java:1307)
[11:23:58] [ERROR] !   at …rhino.InterpretedFunction.call(InterpretedFunction.java:70)
[11:23:58] [ERROR] !   at …rhino.Context.callSync(Context.java:1290)
[11:23:58] [ERROR] !   at …rhino.ArrowFunction.call(ArrowFunction.java:42)
[11:23:58] [ERROR] !   at …rhino.Context.callSync(Context.java:1290)
[11:23:58] [ERROR] !   at …rhino.InterfaceAdapter.invoke(InterfaceAdapter.java:125)
[11:23:58] [ERROR] !   at …rhino.VMBridge.lambda$newInterfaceProxy$0(VMBridge.java:74)
[11:23:58] [ERROR] !   at TRANSFORMER/jdk.proxy3/jdk.proxy3.$Proxy55.onEvent(Unknown Source)
[11:23:58] [ERROR] !   at …kubejs.event.EventHandlerContainer.handle(EventHandlerContainer.java:39)
[11:23:58] [ERROR] !   at …kubejs.event.EventHandler.postToHandlers(EventHandler.java:304)
[11:23:58] [ERROR] !   at …kubejs.event.EventHandler.post(EventHandler.java:264)
[11:23:58] [ERROR] !   at …kubejs.event.EventHandler.post(EventHandler.java:226)
[11:23:58] [ERROR] !   at …kubejs.item.KubeJSItemEventHandler.rightClick(KubeJSItemEventHandler.java:36)
[11:23:58] [ERROR] !   at dev.architectury.event.forge.EventHandlerImplCommon.eventPlayerInteractEvent(EventHandlerImplCommon.java:328)
[11:23:58] [ERROR] !   at dev.architectury.event.forge.__EventHandlerImplCommon_eventPlayerInteractEvent_RightClickItem.invoke(.dynamic)
[11:23:58] [ERROR] !   at MC-BOOTSTRAP/net.minecraftforge.eventbus/net.minecraftforge.eventbus.ASMEventHandler.invoke(ASMEventHandler.java:73)
[11:23:58] [ERROR] !   at MC-BOOTSTRAP/net.minecraftforge.eventbus/net.minecraftforge.eventbus.EventBus.post(EventBus.java:315)
[11:23:58] [ERROR] !   at MC-BOOTSTRAP/net.minecraftforge.eventbus/net.minecraftforge.eventbus.EventBus.post(EventBus.java:296)
[11:23:58] [ERROR] !   at net.minecraftforge.common.ForgeHooks.onItemRightClick(ForgeHooks.java:771)
[11:23:58] [ERROR] !   at net.minecraft.client.multiplayer.MultiPlayerGameMode.m_233716_(MultiPlayerGameMode.java:363)
[11:23:58] [ERROR] !   at net.minecraft.client.multiplayer.MultiPlayerGameMode.m_233729_(MultiPlayerGameMode.java:250)
[11:23:58] [ERROR] !   at net.minecraft.client.multiplayer.MultiPlayerGameMode.m_233721_(MultiPlayerGameMode.java:356)
[11:23:58] [ERROR] !   at net.minecraft.client.Minecraft.m_91277_(Minecraft.java:1720)
[11:23:58] [ERROR] !   at net.minecraft.client.Minecraft.m_91279_(Minecraft.java:1976)
[11:23:58] [ERROR] !   at net.minecraft.client.Minecraft.m_91398_(Minecraft.java:1795)
[11:23:58] [ERROR] !   at net.minecraft.client.Minecraft.m_91383_(Minecraft.java:1112)
[11:23:58] [ERROR] !   at net.minecraft.client.Minecraft.m_91374_(Minecraft.java:718)
[11:23:58] [ERROR] !   at net.minecraft.client.main.Main.main(Main.java:218)
[11:23:58] [ERROR] !   at java.lang.reflect.Method.invoke(Method.java:568)
[11:23:58] [ERROR] !   at MC-BOOTSTRAP/fmlloader@1.20.1-47.3.5/net.minecraftforge.fml.loading.targets.CommonLaunchHandler.runTarget(CommonLaunchHandler.java:111)
[11:23:58] [ERROR] !   at MC-BOOTSTRAP/fmlloader@1.20.1-47.3.5/net.minecraftforge.fml.loading.targets.CommonLaunchHandler.clientService(CommonLaunchHandler.java:99)
[11:23:58] [ERROR] !   at MC-BOOTSTRAP/fmlloader@1.20.1-47.3.5/net.minecraftforge.fml.loading.targets.CommonClientLaunchHandler.lambda$makeService$0(CommonClientLaunchHandler.java:25)
[11:23:58] [ERROR] !   at MC-BOOTSTRAP/cpw.mods.modlauncher@10.0.9/cpw.mods.modlauncher.LaunchServiceHandlerDecorator.launch(LaunchServiceHandlerDecorator.java:30)
[11:23:58] [ERROR] !   at MC-BOOTSTRAP/cpw.mods.modlauncher@10.0.9/cpw.mods.modlauncher.LaunchServiceHandler.launch(LaunchServiceHandler.java:53)
[11:23:58] [ERROR] !   at MC-BOOTSTRAP/cpw.mods.modlauncher@10.0.9/cpw.mods.modlauncher.LaunchServiceHandler.launch(LaunchServiceHandler.java:71)
[11:23:58] [ERROR] !   at MC-BOOTSTRAP/cpw.mods.modlauncher@10.0.9/cpw.mods.modlauncher.Launcher.run(Launcher.java:108)
[11:23:58] [ERROR] !   at MC-BOOTSTRAP/cpw.mods.modlauncher@10.0.9/cpw.mods.modlauncher.Launcher.main(Launcher.java:78)
[11:23:58] [ERROR] !   at MC-BOOTSTRAP/cpw.mods.modlauncher@10.0.9/cpw.mods.modlauncher.BootstrapLaunchConsumer.accept(BootstrapLaunchConsumer.java:26)
[11:23:58] [ERROR] !   at MC-BOOTSTRAP/cpw.mods.modlauncher@10.0.9/cpw.mods.modlauncher.BootstrapLaunchConsumer.accept(BootstrapLaunchConsumer.java:23)
[11:23:58] [ERROR] !   at cpw.mods.bootstraplauncher@1.1.2/cpw.mods.bootstraplauncher.BootstrapLauncher.main(BootstrapLauncher.java:141)
[11:24:02] [ERROR] ! Error in 'ItemEvents.rightClicked': Cannot invoke "net.minecraft.server.MinecraftServer.m_129880_(net.minecraft.resources.ResourceKey)" because the return value of "dev.latvian.mods.kubejs.core.EntityKJS.kjs$getServer()" is null
[11:24:02] [ERROR] ! java.lang.NullPointerException: Cannot invoke "net.minecraft.server.MinecraftServer.m_129880_(net.minecraft.resources.ResourceKey)" because the return value of "…kubejs.core.EntityKJS.kjs$getServer()" is null
[11:24:02] [ERROR] !   at …kubejs.core.EntityKJS.kjs$teleportTo(EntityKJS.java:171)
[11:24:02] [ERROR] !   at …kubejs.core.EntityKJS.kjs$setPosition(EntityKJS.java:204)
[11:24:02] [ERROR] !   at …kubejs.level.BlockContainerJS.createEntity(BlockContainerJS.java:301)
[11:24:02] [ERROR] !   at java.lang.reflect.Method.invoke(Method.java:568)
[11:24:02] [ERROR] !   at …rhino.MemberBox.invoke(MemberBox.java:160)
[11:24:02] [ERROR] !   at …rhino.NativeJavaMethod.call(NativeJavaMethod.java:463)
[11:24:02] [ERROR] !   at …rhino.Interpreter.interpretLoop(Interpreter.java:986)
[11:24:02] [ERROR] !   at …rhino.Interpreter.interpret(Interpreter.java:370)
[11:24:02] [ERROR] !   at …rhino.InterpretedFunction.call(InterpretedFunction.java:72)
[11:24:02] [ERROR] !   at …rhino.Context.callSync(Context.java:1290)
[11:24:02] [ERROR] !   at …rhino.Context.doTopCall(Context.java:1307)
[11:24:02] [ERROR] !   at …rhino.InterpretedFunction.call(InterpretedFunction.java:70)
[11:24:02] [ERROR] !   at …rhino.Context.callSync(Context.java:1290)
[11:24:02] [ERROR] !   at …rhino.ArrowFunction.call(ArrowFunction.java:42)
[11:24:02] [ERROR] !   at …rhino.Context.callSync(Context.java:1290)
[11:24:02] [ERROR] !   at …rhino.InterfaceAdapter.invoke(InterfaceAdapter.java:125)
[11:24:02] [ERROR] !   at …rhino.VMBridge.lambda$newInterfaceProxy$0(VMBridge.java:74)
[11:24:02] [ERROR] !   at TRANSFORMER/jdk.proxy3/jdk.proxy3.$Proxy55.onEvent(Unknown Source)
[11:24:02] [ERROR] !   at …kubejs.event.EventHandlerContainer.handle(EventHandlerContainer.java:39)
[11:24:02] [ERROR] !   at …kubejs.event.EventHandler.postToHandlers(EventHandler.java:304)
[11:24:02] [ERROR] !   at …kubejs.event.EventHandler.post(EventHandler.java:264)
[11:24:02] [ERROR] !   at …kubejs.event.EventHandler.post(EventHandler.java:226)
[11:24:02] [ERROR] !   at …kubejs.item.KubeJSItemEventHandler.rightClick(KubeJSItemEventHandler.java:36)
[11:24:02] [ERROR] !   at dev.architectury.event.forge.EventHandlerImplCommon.eventPlayerInteractEvent(EventHandlerImplCommon.java:328)
[11:24:02] [ERROR] !   at dev.architectury.event.forge.__EventHandlerImplCommon_eventPlayerInteractEvent_RightClickItem.invoke(.dynamic)
[11:24:02] [ERROR] !   at MC-BOOTSTRAP/net.minecraftforge.eventbus/net.minecraftforge.eventbus.ASMEventHandler.invoke(ASMEventHandler.java:73)
[11:24:02] [ERROR] !   at MC-BOOTSTRAP/net.minecraftforge.eventbus/net.minecraftforge.eventbus.EventBus.post(EventBus.java:315)
[11:24:02] [ERROR] !   at MC-BOOTSTRAP/net.minecraftforge.eventbus/net.minecraftforge.eventbus.EventBus.post(EventBus.java:296)
[11:24:02] [ERROR] !   at net.minecraftforge.common.ForgeHooks.onItemRightClick(ForgeHooks.java:771)
[11:24:02] [ERROR] !   at net.minecraft.client.multiplayer.MultiPlayerGameMode.m_233716_(MultiPlayerGameMode.java:363)
[11:24:02] [ERROR] !   at net.minecraft.client.multiplayer.MultiPlayerGameMode.m_233729_(MultiPlayerGameMode.java:250)
[11:24:02] [ERROR] !   at net.minecraft.client.multiplayer.MultiPlayerGameMode.m_233721_(MultiPlayerGameMode.java:356)
[11:24:02] [ERROR] !   at net.minecraft.client.Minecraft.m_91277_(Minecraft.java:1720)
[11:24:02] [ERROR] !   at net.minecraft.client.Minecraft.m_91279_(Minecraft.java:1976)
[11:24:02] [ERROR] !   at net.minecraft.client.Minecraft.m_91398_(Minecraft.java:1795)
[11:24:02] [ERROR] !   at net.minecraft.client.Minecraft.m_91383_(Minecraft.java:1112)
[11:24:02] [ERROR] !   at net.minecraft.client.Minecraft.m_91374_(Minecraft.java:718)
[11:24:02] [ERROR] !   at net.minecraft.client.main.Main.main(Main.java:218)
[11:24:02] [ERROR] !   at java.lang.reflect.Method.invoke(Method.java:568)
[11:24:02] [ERROR] !   at MC-BOOTSTRAP/fmlloader@1.20.1-47.3.5/net.minecraftforge.fml.loading.targets.CommonLaunchHandler.runTarget(CommonLaunchHandler.java:111)
[11:24:02] [ERROR] !   at MC-BOOTSTRAP/fmlloader@1.20.1-47.3.5/net.minecraftforge.fml.loading.targets.CommonLaunchHandler.clientService(CommonLaunchHandler.java:99)
[11:24:02] [ERROR] !   at MC-BOOTSTRAP/fmlloader@1.20.1-47.3.5/net.minecraftforge.fml.loading.targets.CommonClientLaunchHandler.lambda$makeService$0(CommonClientLaunchHandler.java:25)
[11:24:02] [ERROR] !   at MC-BOOTSTRAP/cpw.mods.modlauncher@10.0.9/cpw.mods.modlauncher.LaunchServiceHandlerDecorator.launch(LaunchServiceHandlerDecorator.java:30)
[11:24:02] [ERROR] !   at MC-BOOTSTRAP/cpw.mods.modlauncher@10.0.9/cpw.mods.modlauncher.LaunchServiceHandler.launch(LaunchServiceHandler.java:53)
[11:24:02] [ERROR] !   at MC-BOOTSTRAP/cpw.mods.modlauncher@10.0.9/cpw.mods.modlauncher.LaunchServiceHandler.launch(LaunchServiceHandler.java:71)
[11:24:02] [ERROR] !   at MC-BOOTSTRAP/cpw.mods.modlauncher@10.0.9/cpw.mods.modlauncher.Launcher.run(Launcher.java:108)
[11:24:02] [ERROR] !   at MC-BOOTSTRAP/cpw.mods.modlauncher@10.0.9/cpw.mods.modlauncher.Launcher.main(Launcher.java:78)
[11:24:02] [ERROR] !   at MC-BOOTSTRAP/cpw.mods.modlauncher@10.0.9/cpw.mods.modlauncher.BootstrapLaunchConsumer.accept(BootstrapLaunchConsumer.java:26)
[11:24:02] [ERROR] !   at MC-BOOTSTRAP/cpw.mods.modlauncher@10.0.9/cpw.mods.modlauncher.BootstrapLaunchConsumer.accept(BootstrapLaunchConsumer.java:23)
[11:24:02] [ERROR] !   at cpw.mods.bootstraplauncher@1.1.2/cpw.mods.bootstraplauncher.BootstrapLauncher.main(BootstrapLauncher.java:141)
[11:24:04] [ERROR] ! Error in 'ItemEvents.rightClicked': Cannot invoke "net.minecraft.server.MinecraftServer.m_129880_(net.minecraft.resources.ResourceKey)" because the return value of "dev.latvian.mods.kubejs.core.EntityKJS.kjs$getServer()" is null
[11:24:04] [ERROR] ! java.lang.NullPointerException: Cannot invoke "net.minecraft.server.MinecraftServer.m_129880_(net.minecraft.resources.ResourceKey)" because the return value of "…kubejs.core.EntityKJS.kjs$getServer()" is null
[11:24:04] [ERROR] !   at …kubejs.core.EntityKJS.kjs$teleportTo(EntityKJS.java:171)
[11:24:04] [ERROR] !   at …kubejs.core.EntityKJS.kjs$setPosition(EntityKJS.java:204)
[11:24:04] [ERROR] !   at …kubejs.level.BlockContainerJS.createEntity(BlockContainerJS.java:301)
[11:24:04] [ERROR] !   at java.lang.reflect.Method.invoke(Method.java:568)
[11:24:04] [ERROR] !   at …rhino.MemberBox.invoke(MemberBox.java:160)
[11:24:04] [ERROR] !   at …rhino.NativeJavaMethod.call(NativeJavaMethod.java:463)
[11:24:04] [ERROR] !   at …rhino.Interpreter.interpretLoop(Interpreter.java:986)
[11:24:04] [ERROR] !   at …rhino.Interpreter.interpret(Interpreter.java:370)
[11:24:04] [ERROR] !   at …rhino.InterpretedFunction.call(InterpretedFunction.java:72)
[11:24:04] [ERROR] !   at …rhino.Context.callSync(Context.java:1290)
[11:24:04] [ERROR] !   at …rhino.Context.doTopCall(Context.java:1307)
[11:24:04] [ERROR] !   at …rhino.InterpretedFunction.call(InterpretedFunction.java:70)
[11:24:04] [ERROR] !   at …rhino.Context.callSync(Context.java:1290)
[11:24:04] [ERROR] !   at …rhino.ArrowFunction.call(ArrowFunction.java:42)
[11:24:04] [ERROR] !   at …rhino.Context.callSync(Context.java:1290)
[11:24:04] [ERROR] !   at …rhino.InterfaceAdapter.invoke(InterfaceAdapter.java:125)
[11:24:04] [ERROR] !   at …rhino.VMBridge.lambda$newInterfaceProxy$0(VMBridge.java:74)
[11:24:04] [ERROR] !   at TRANSFORMER/jdk.proxy3/jdk.proxy3.$Proxy55.onEvent(Unknown Source)
[11:24:04] [ERROR] !   at …kubejs.event.EventHandlerContainer.handle(EventHandlerContainer.java:39)
[11:24:04] [ERROR] !   at …kubejs.event.EventHandler.postToHandlers(EventHandler.java:304)
[11:24:04] [ERROR] !   at …kubejs.event.EventHandler.post(EventHandler.java:264)
[11:24:04] [ERROR] !   at …kubejs.event.EventHandler.post(EventHandler.java:226)
[11:24:04] [ERROR] !   at …kubejs.item.KubeJSItemEventHandler.rightClick(KubeJSItemEventHandler.java:36)
[11:24:04] [ERROR] !   at dev.architectury.event.forge.EventHandlerImplCommon.eventPlayerInteractEvent(EventHandlerImplCommon.java:328)
[11:24:04] [ERROR] !   at dev.architectury.event.forge.__EventHandlerImplCommon_eventPlayerInteractEvent_RightClickItem.invoke(.dynamic)
[11:24:04] [ERROR] !   at MC-BOOTSTRAP/net.minecraftforge.eventbus/net.minecraftforge.eventbus.ASMEventHandler.invoke(ASMEventHandler.java:73)
[11:24:04] [ERROR] !   at MC-BOOTSTRAP/net.minecraftforge.eventbus/net.minecraftforge.eventbus.EventBus.post(EventBus.java:315)
[11:24:04] [ERROR] !   at MC-BOOTSTRAP/net.minecraftforge.eventbus/net.minecraftforge.eventbus.EventBus.post(EventBus.java:296)
[11:24:04] [ERROR] !   at net.minecraftforge.common.ForgeHooks.onItemRightClick(ForgeHooks.java:771)
[11:24:04] [ERROR] !   at net.minecraft.client.multiplayer.MultiPlayerGameMode.m_233716_(MultiPlayerGameMode.java:363)
[11:24:04] [ERROR] !   at net.minecraft.client.multiplayer.MultiPlayerGameMode.m_233729_(MultiPlayerGameMode.java:250)
[11:24:04] [ERROR] !   at net.minecraft.client.multiplayer.MultiPlayerGameMode.m_233721_(MultiPlayerGameMode.java:356)
[11:24:04] [ERROR] !   at net.minecraft.client.Minecraft.m_91277_(Minecraft.java:1720)
[11:24:04] [ERROR] !   at net.minecraft.client.Minecraft.m_91279_(Minecraft.java:1976)
[11:24:04] [ERROR] !   at net.minecraft.client.Minecraft.m_91398_(Minecraft.java:1795)
[11:24:04] [ERROR] !   at net.minecraft.client.Minecraft.m_91383_(Minecraft.java:1112)
[11:24:04] [ERROR] !   at net.minecraft.client.Minecraft.m_91374_(Minecraft.java:718)
[11:24:04] [ERROR] !   at net.minecraft.client.main.Main.main(Main.java:218)
[11:24:04] [ERROR] !   at java.lang.reflect.Method.invoke(Method.java:568)
[11:24:04] [ERROR] !   at MC-BOOTSTRAP/fmlloader@1.20.1-47.3.5/net.minecraftforge.fml.loading.targets.CommonLaunchHandler.runTarget(CommonLaunchHandler.java:111)
[11:24:04] [ERROR] !   at MC-BOOTSTRAP/fmlloader@1.20.1-47.3.5/net.minecraftforge.fml.loading.targets.CommonLaunchHandler.clientService(CommonLaunchHandler.java:99)
[11:24:04] [ERROR] !   at MC-BOOTSTRAP/fmlloader@1.20.1-47.3.5/net.minecraftforge.fml.loading.targets.CommonClientLaunchHandler.lambda$makeService$0(CommonClientLaunchHandler.java:25)
[11:24:04] [ERROR] !   at MC-BOOTSTRAP/cpw.mods.modlauncher@10.0.9/cpw.mods.modlauncher.LaunchServiceHandlerDecorator.launch(LaunchServiceHandlerDecorator.java:30)
[11:24:04] [ERROR] !   at MC-BOOTSTRAP/cpw.mods.modlauncher@10.0.9/cpw.mods.modlauncher.LaunchServiceHandler.launch(LaunchServiceHandler.java:53)
[11:24:04] [ERROR] !   at MC-BOOTSTRAP/cpw.mods.modlauncher@10.0.9/cpw.mods.modlauncher.LaunchServiceHandler.launch(LaunchServiceHandler.java:71)
[11:24:04] [ERROR] !   at MC-BOOTSTRAP/cpw.mods.modlauncher@10.0.9/cpw.mods.modlauncher.Launcher.run(Launcher.java:108)
[11:24:04] [ERROR] !   at MC-BOOTSTRAP/cpw.mods.modlauncher@10.0.9/cpw.mods.modlauncher.Launcher.main(Launcher.java:78)
[11:24:04] [ERROR] !   at MC-BOOTSTRAP/cpw.mods.modlauncher@10.0.9/cpw.mods.modlauncher.BootstrapLaunchConsumer.accept(BootstrapLaunchConsumer.java:26)
[11:24:04] [ERROR] !   at MC-BOOTSTRAP/cpw.mods.modlauncher@10.0.9/cpw.mods.modlauncher.BootstrapLaunchConsumer.accept(BootstrapLaunchConsumer.java:23)
[11:24:04] [ERROR] !   at cpw.mods.bootstraplauncher@1.1.2/cpw.mods.bootstraplauncher.BootstrapLauncher.main(BootstrapLauncher.java:141)
[11:24:05] [ERROR] ! Error in 'ItemEvents.rightClicked': Cannot invoke "net.minecraft.server.MinecraftServer.m_129880_(net.minecraft.resources.ResourceKey)" because the return value of "dev.latvian.mods.kubejs.core.EntityKJS.kjs$getServer()" is null
[11:24:05] [ERROR] ! java.lang.NullPointerException: Cannot invoke "net.minecraft.server.MinecraftServer.m_129880_(net.minecraft.resources.ResourceKey)" because the return value of "…kubejs.core.EntityKJS.kjs$getServer()" is null
[11:24:05] [ERROR] !   at …kubejs.core.EntityKJS.kjs$teleportTo(EntityKJS.java:171)
[11:24:05] [ERROR] !   at …kubejs.core.EntityKJS.kjs$setPosition(EntityKJS.java:204)
[11:24:05] [ERROR] !   at …kubejs.level.BlockContainerJS.createEntity(BlockContainerJS.java:301)
[11:24:05] [ERROR] !   at java.lang.reflect.Method.invoke(Method.java:568)
[11:24:05] [ERROR] !   at …rhino.MemberBox.invoke(MemberBox.java:160)
[11:24:05] [ERROR] !   at …rhino.NativeJavaMethod.call(NativeJavaMethod.java:463)
[11:24:05] [ERROR] !   at …rhino.Interpreter.interpretLoop(Interpreter.java:986)
[11:24:05] [ERROR] !   at …rhino.Interpreter.interpret(Interpreter.java:370)
[11:24:05] [ERROR] !   at …rhino.InterpretedFunction.call(InterpretedFunction.java:72)
[11:24:05] [ERROR] !   at …rhino.Context.callSync(Context.java:1290)
[11:24:05] [ERROR] !   at …rhino.Context.doTopCall(Context.java:1307)
[11:24:05] [ERROR] !   at …rhino.InterpretedFunction.call(InterpretedFunction.java:70)
[11:24:05] [ERROR] !   at …rhino.Context.callSync(Context.java:1290)
[11:24:05] [ERROR] !   at …rhino.ArrowFunction.call(ArrowFunction.java:42)
[11:24:05] [ERROR] !   at …rhino.Context.callSync(Context.java:1290)
[11:24:05] [ERROR] !   at …rhino.InterfaceAdapter.invoke(InterfaceAdapter.java:125)
[11:24:05] [ERROR] !   at …rhino.VMBridge.lambda$newInterfaceProxy$0(VMBridge.java:74)
[11:24:05] [ERROR] !   at TRANSFORMER/jdk.proxy3/jdk.proxy3.$Proxy55.onEvent(Unknown Source)
[11:24:05] [ERROR] !   at …kubejs.event.EventHandlerContainer.handle(EventHandlerContainer.java:39)
[11:24:05] [ERROR] !   at …kubejs.event.EventHandler.postToHandlers(EventHandler.java:304)
[11:24:05] [ERROR] !   at …kubejs.event.EventHandler.post(EventHandler.java:264)
[11:24:05] [ERROR] !   at …kubejs.event.EventHandler.post(EventHandler.java:226)
[11:24:05] [ERROR] !   at …kubejs.item.KubeJSItemEventHandler.rightClick(KubeJSItemEventHandler.java:36)
[11:24:05] [ERROR] !   at dev.architectury.event.forge.EventHandlerImplCommon.eventPlayerInteractEvent(EventHandlerImplCommon.java:328)
[11:24:05] [ERROR] !   at dev.architectury.event.forge.__EventHandlerImplCommon_eventPlayerInteractEvent_RightClickItem.invoke(.dynamic)
[11:24:05] [ERROR] !   at MC-BOOTSTRAP/net.minecraftforge.eventbus/net.minecraftforge.eventbus.ASMEventHandler.invoke(ASMEventHandler.java:73)
[11:24:05] [ERROR] !   at MC-BOOTSTRAP/net.minecraftforge.eventbus/net.minecraftforge.eventbus.EventBus.post(EventBus.java:315)
[11:24:05] [ERROR] !   at MC-BOOTSTRAP/net.minecraftforge.eventbus/net.minecraftforge.eventbus.EventBus.post(EventBus.java:296)
[11:24:05] [ERROR] !   at net.minecraftforge.common.ForgeHooks.onItemRightClick(ForgeHooks.java:771)
[11:24:05] [ERROR] !   at net.minecraft.client.multiplayer.MultiPlayerGameMode.m_233716_(MultiPlayerGameMode.java:363)
[11:24:05] [ERROR] !   at net.minecraft.client.multiplayer.MultiPlayerGameMode.m_233729_(MultiPlayerGameMode.java:250)
[11:24:05] [ERROR] !   at net.minecraft.client.multiplayer.MultiPlayerGameMode.m_233721_(MultiPlayerGameMode.java:356)
[11:24:05] [ERROR] !   at net.minecraft.client.Minecraft.m_91277_(Minecraft.java:1720)
[11:24:05] [ERROR] !   at net.minecraft.client.Minecraft.m_91279_(Minecraft.java:1976)
[11:24:05] [ERROR] !   at net.minecraft.client.Minecraft.m_91398_(Minecraft.java:1795)
[11:24:05] [ERROR] !   at net.minecraft.client.Minecraft.m_91383_(Minecraft.java:1112)
[11:24:05] [ERROR] !   at net.minecraft.client.Minecraft.m_91374_(Minecraft.java:718)
[11:24:05] [ERROR] !   at net.minecraft.client.main.Main.main(Main.java:218)
[11:24:05] [ERROR] !   at java.lang.reflect.Method.invoke(Method.java:568)
[11:24:05] [ERROR] !   at MC-BOOTSTRAP/fmlloader@1.20.1-47.3.5/net.minecraftforge.fml.loading.targets.CommonLaunchHandler.runTarget(CommonLaunchHandler.java:111)
[11:24:05] [ERROR] !   at MC-BOOTSTRAP/fmlloader@1.20.1-47.3.5/net.minecraftforge.fml.loading.targets.CommonLaunchHandler.clientService(CommonLaunchHandler.java:99)
[11:24:05] [ERROR] !   at MC-BOOTSTRAP/fmlloader@1.20.1-47.3.5/net.minecraftforge.fml.loading.targets.CommonClientLaunchHandler.lambda$makeService$0(CommonClientLaunchHandler.java:25)
[11:24:05] [ERROR] !   at MC-BOOTSTRAP/cpw.mods.modlauncher@10.0.9/cpw.mods.modlauncher.LaunchServiceHandlerDecorator.launch(LaunchServiceHandlerDecorator.java:30)
[11:24:05] [ERROR] !   at MC-BOOTSTRAP/cpw.mods.modlauncher@10.0.9/cpw.mods.modlauncher.LaunchServiceHandler.launch(LaunchServiceHandler.java:53)
[11:24:05] [ERROR] !   at MC-BOOTSTRAP/cpw.mods.modlauncher@10.0.9/cpw.mods.modlauncher.LaunchServiceHandler.launch(LaunchServiceHandler.java:71)
[11:24:05] [ERROR] !   at MC-BOOTSTRAP/cpw.mods.modlauncher@10.0.9/cpw.mods.modlauncher.Launcher.run(Launcher.java:108)
[11:24:05] [ERROR] !   at MC-BOOTSTRAP/cpw.mods.modlauncher@10.0.9/cpw.mods.modlauncher.Launcher.main(Launcher.java:78)
[11:24:05] [ERROR] !   at MC-BOOTSTRAP/cpw.mods.modlauncher@10.0.9/cpw.mods.modlauncher.BootstrapLaunchConsumer.accept(BootstrapLaunchConsumer.java:26)
[11:24:05] [ERROR] !   at MC-BOOTSTRAP/cpw.mods.modlauncher@10.0.9/cpw.mods.modlauncher.BootstrapLaunchConsumer.accept(BootstrapLaunchConsumer.java:23)
[11:24:05] [ERROR] !   at cpw.mods.bootstraplauncher@1.1.2/cpw.mods.bootstraplauncher.BootstrapLauncher.main(BootstrapLauncher.java:141)
[11:24:08] [ERROR] ! Error in 'ItemEvents.rightClicked': Cannot invoke "net.minecraft.server.MinecraftServer.m_129880_(net.minecraft.resources.ResourceKey)" because the return value of "dev.latvian.mods.kubejs.core.EntityKJS.kjs$getServer()" is null
[11:24:08] [ERROR] ! java.lang.NullPointerException: Cannot invoke "net.minecraft.server.MinecraftServer.m_129880_(net.minecraft.resources.ResourceKey)" because the return value of "…kubejs.core.EntityKJS.kjs$getServer()" is null
[11:24:08] [ERROR] !   at …kubejs.core.EntityKJS.kjs$teleportTo(EntityKJS.java:171)
[11:24:08] [ERROR] !   at …kubejs.core.EntityKJS.kjs$setPosition(EntityKJS.java:204)
[11:24:08] [ERROR] !   at …kubejs.level.BlockContainerJS.createEntity(BlockContainerJS.java:301)
[11:24:08] [ERROR] !   at java.lang.reflect.Method.invoke(Method.java:568)
[11:24:08] [ERROR] !   at …rhino.MemberBox.invoke(MemberBox.java:160)
[11:24:08] [ERROR] !   at …rhino.NativeJavaMethod.call(NativeJavaMethod.java:463)
[11:24:08] [ERROR] !   at …rhino.Interpreter.interpretLoop(Interpreter.java:986)
[11:24:08] [ERROR] !   at …rhino.Interpreter.interpret(Interpreter.java:370)
[11:24:08] [ERROR] !   at …rhino.InterpretedFunction.call(InterpretedFunction.java:72)
[11:24:08] [ERROR] !   at …rhino.Context.callSync(Context.java:1290)
[11:24:08] [ERROR] !   at …rhino.Context.doTopCall(Context.java:1307)
[11:24:08] [ERROR] !   at …rhino.InterpretedFunction.call(InterpretedFunction.java:70)
[11:24:08] [ERROR] !   at …rhino.Context.callSync(Context.java:1290)
[11:24:08] [ERROR] !   at …rhino.ArrowFunction.call(ArrowFunction.java:42)
[11:24:08] [ERROR] !   at …rhino.Context.callSync(Context.java:1290)
[11:24:08] [ERROR] !   at …rhino.InterfaceAdapter.invoke(InterfaceAdapter.java:125)
[11:24:08] [ERROR] !   at …rhino.VMBridge.lambda$newInterfaceProxy$0(VMBridge.java:74)
[11:24:08] [ERROR] !   at TRANSFORMER/jdk.proxy3/jdk.proxy3.$Proxy55.onEvent(Unknown Source)
[11:24:08] [ERROR] !   at …kubejs.event.EventHandlerContainer.handle(EventHandlerContainer.java:39)
[11:24:08] [ERROR] !   at …kubejs.event.EventHandler.postToHandlers(EventHandler.java:304)
[11:24:08] [ERROR] !   at …kubejs.event.EventHandler.post(EventHandler.java:264)
[11:24:08] [ERROR] !   at …kubejs.event.EventHandler.post(EventHandler.java:226)
[11:24:08] [ERROR] !   at …kubejs.item.KubeJSItemEventHandler.rightClick(KubeJSItemEventHandler.java:36)
[11:24:08] [ERROR] !   at dev.architectury.event.forge.EventHandlerImplCommon.eventPlayerInteractEvent(EventHandlerImplCommon.java:328)
[11:24:08] [ERROR] !   at dev.architectury.event.forge.__EventHandlerImplCommon_eventPlayerInteractEvent_RightClickItem.invoke(.dynamic)
[11:24:08] [ERROR] !   at MC-BOOTSTRAP/net.minecraftforge.eventbus/net.minecraftforge.eventbus.ASMEventHandler.invoke(ASMEventHandler.java:73)
[11:24:08] [ERROR] !   at MC-BOOTSTRAP/net.minecraftforge.eventbus/net.minecraftforge.eventbus.EventBus.post(EventBus.java:315)
[11:24:08] [ERROR] !   at MC-BOOTSTRAP/net.minecraftforge.eventbus/net.minecraftforge.eventbus.EventBus.post(EventBus.java:296)
[11:24:08] [ERROR] !   at net.minecraftforge.common.ForgeHooks.onItemRightClick(ForgeHooks.java:771)
[11:24:08] [ERROR] !   at net.minecraft.client.multiplayer.MultiPlayerGameMode.m_233716_(MultiPlayerGameMode.java:363)
[11:24:08] [ERROR] !   at net.minecraft.client.multiplayer.MultiPlayerGameMode.m_233729_(MultiPlayerGameMode.java:250)
[11:24:08] [ERROR] !   at net.minecraft.client.multiplayer.MultiPlayerGameMode.m_233721_(MultiPlayerGameMode.java:356)
[11:24:08] [ERROR] !   at net.minecraft.client.Minecraft.m_91277_(Minecraft.java:1720)
[11:24:08] [ERROR] !   at net.minecraft.client.Minecraft.m_91279_(Minecraft.java:1976)
[11:24:08] [ERROR] !   at net.minecraft.client.Minecraft.m_91398_(Minecraft.java:1795)
[11:24:08] [ERROR] !   at net.minecraft.client.Minecraft.m_91383_(Minecraft.java:1112)
[11:24:08] [ERROR] !   at net.minecraft.client.Minecraft.m_91374_(Minecraft.java:718)
[11:24:08] [ERROR] !   at net.minecraft.client.main.Main.main(Main.java:218)
[11:24:08] [ERROR] !   at java.lang.reflect.Method.invoke(Method.java:568)
[11:24:08] [ERROR] !   at MC-BOOTSTRAP/fmlloader@1.20.1-47.3.5/net.minecraftforge.fml.loading.targets.CommonLaunchHandler.runTarget(CommonLaunchHandler.java:111)
[11:24:08] [ERROR] !   at MC-BOOTSTRAP/fmlloader@1.20.1-47.3.5/net.minecraftforge.fml.loading.targets.CommonLaunchHandler.clientService(CommonLaunchHandler.java:99)
[11:24:08] [ERROR] !   at MC-BOOTSTRAP/fmlloader@1.20.1-47.3.5/net.minecraftforge.fml.loading.targets.CommonClientLaunchHandler.lambda$makeService$0(CommonClientLaunchHandler.java:25)
[11:24:08] [ERROR] !   at MC-BOOTSTRAP/cpw.mods.modlauncher@10.0.9/cpw.mods.modlauncher.LaunchServiceHandlerDecorator.launch(LaunchServiceHandlerDecorator.java:30)
[11:24:08] [ERROR] !   at MC-BOOTSTRAP/cpw.mods.modlauncher@10.0.9/cpw.mods.modlauncher.LaunchServiceHandler.launch(LaunchServiceHandler.java:53)
[11:24:08] [ERROR] !   at MC-BOOTSTRAP/cpw.mods.modlauncher@10.0.9/cpw.mods.modlauncher.LaunchServiceHandler.launch(LaunchServiceHandler.java:71)
[11:24:08] [ERROR] !   at MC-BOOTSTRAP/cpw.mods.modlauncher@10.0.9/cpw.mods.modlauncher.Launcher.run(Launcher.java:108)
[11:24:08] [ERROR] !   at MC-BOOTSTRAP/cpw.mods.modlauncher@10.0.9/cpw.mods.modlauncher.Launcher.main(Launcher.java:78)
[11:24:08] [ERROR] !   at MC-BOOTSTRAP/cpw.mods.modlauncher@10.0.9/cpw.mods.modlauncher.BootstrapLaunchConsumer.accept(BootstrapLaunchConsumer.java:26)
[11:24:08] [ERROR] !   at MC-BOOTSTRAP/cpw.mods.modlauncher@10.0.9/cpw.mods.modlauncher.BootstrapLaunchConsumer.accept(BootstrapLaunchConsumer.java:23)
[11:24:08] [ERROR] !   at cpw.mods.bootstraplauncher@1.1.2/cpw.mods.bootstraplauncher.BootstrapLauncher.main(BootstrapLauncher.java:141)
