[20:17:24] [INIT] KubeJS 2001.6.5-build.16; MC 2001 forge
[20:17:24] [INIT] Loaded plugins:
[20:17:24] [INIT] - dev.latvian.mods.kubejs.forge.BuiltinKubeJSForgePlugin
[20:17:24] [INIT] - dev.latvian.mods.kubejs.forge.BuiltinKubeJSForgeClientPlugin
[20:17:24] [INIT] - net.liopyu.entityjs.EntityJSPlugin
[20:17:24] [INIT] - com.probejs.ProbeJSPlugin
[20:17:25] [INFO] Loaded script startup_scripts:@libs/uniui.js in 0.076 s
[20:17:25] [INFO] forge.js#1: Loaded Java class 'net.minecraft.world.entity.item.ItemEntity'
[20:17:25] [INFO] Loaded script startup_scripts:forge.js in 0.055 s
[20:17:25] [INFO] Loaded 2/2 KubeJS startup scripts in 0.72 s with 0 errors and 0 warnings
[20:18:12] [INFO] forge.js#25: Animation time: 1.079999327659607
[20:18:12] [INFO] forge.js#25: Animation time: 0.5600000023841858
[20:18:12] [INFO] forge.js#25: Animation time: 0.7400000095367432
[20:18:12] [INFO] forge.js#25: Animation time: 0.8999999761581421
[20:18:16] [INFO] forge.js#25: Animation time: 60.87999963760376
[20:18:16] [INFO] forge.js#25: Animation time: 61.03999963402748
[20:18:16] [INFO] forge.js#25: Animation time: 61.21999964118004
[20:18:16] [INFO] forge.js#25: Animation time: 61.37999963760376
[20:18:16] [INFO] forge.js#25: Animation time: 61.55999964475632
[20:18:16] [INFO] forge.js#25: Animation time: 61.71999967098236
[20:18:16] [INFO] forge.js#25: Animation time: 61.91999971866608
[20:18:16] [INFO] forge.js#25: Animation time: 62.0799997150898
[20:18:16] [INFO] forge.js#25: Animation time: 62.259999722242355
[20:18:16] [INFO] forge.js#25: Animation time: 62.43999969959259
[20:18:16] [INFO] forge.js#25: Animation time: 62.59999966621399
[20:18:16] [INFO] forge.js#25: Animation time: 62.75999963283539
[20:18:16] [INFO] forge.js#25: Animation time: 62.9399995803833
[20:18:16] [INFO] forge.js#25: Animation time: 63.09999957680702
[20:18:16] [INFO] forge.js#25: Animation time: 63.27999958395958
[20:18:16] [INFO] forge.js#25: Animation time: 63.459999561309814
[20:18:16] [INFO] forge.js#25: Animation time: 63.61999952793121
[20:18:16] [INFO] forge.js#25: Animation time: 63.77999949455261
[20:18:16] [INFO] forge.js#25: Animation time: 63.959999561309814
[20:18:16] [INFO] forge.js#25: Animation time: 64.11999955773354
[20:18:16] [INFO] forge.js#25: Animation time: 64.2999995648861
[20:18:16] [INFO] forge.js#25: Animation time: 64.47999954223633
[20:18:16] [INFO] forge.js#25: Animation time: 64.63999950885773
[20:18:16] [INFO] forge.js#25: Animation time: 64.79999947547913
[20:18:16] [INFO] forge.js#25: Animation time: 64.97999954223633
[20:18:16] [INFO] forge.js#25: Animation time: 65.13999953866005
[20:18:16] [INFO] forge.js#25: Animation time: 65.3199995458126
[20:18:16] [INFO] forge.js#25: Animation time: 65.47999954223633
[20:18:16] [INFO] forge.js#25: Animation time: 65.65999954938889
[20:18:16] [INFO] forge.js#25: Animation time: 65.83999955654144
[20:18:16] [INFO] forge.js#25: Animation time: 65.99999952316284
[20:18:16] [INFO] forge.js#25: Animation time: 66.15999951958656
[20:18:16] [INFO] forge.js#25: Animation time: 66.33999952673912
[20:18:16] [INFO] forge.js#25: Animation time: 66.49999952316284
[20:18:16] [INFO] forge.js#25: Animation time: 66.6799995303154
[20:18:16] [INFO] forge.js#25: Animation time: 66.83999955654144
[20:18:16] [INFO] forge.js#25: Animation time: 67.01999950408936
[20:18:16] [INFO] forge.js#25: Animation time: 67.17999950051308
[20:18:16] [INFO] forge.js#25: Animation time: 67.3399994969368
[20:18:16] [INFO] forge.js#25: Animation time: 67.51999950408936
[20:18:16] [INFO] forge.js#25: Animation time: 67.67999947071075
[20:18:16] [INFO] forge.js#25: Animation time: 67.83999943733215
[20:18:16] [INFO] forge.js#25: Animation time: 68.01999950408936
[20:18:16] [INFO] forge.js#25: Animation time: 68.17999950051308
[20:18:16] [INFO] forge.js#25: Animation time: 68.35999953746796
[20:18:16] [INFO] forge.js#25: Animation time: 68.51999950408936
[20:18:16] [INFO] forge.js#25: Animation time: 68.67999947071075
[20:18:16] [INFO] forge.js#25: Animation time: 68.83999943733215
[20:18:16] [INFO] forge.js#25: Animation time: 69.01999950408936
[20:18:16] [INFO] forge.js#25: Animation time: 69.19999951124191
[20:18:16] [INFO] forge.js#25: Animation time: 69.35999953746796
[20:18:16] [INFO] forge.js#25: Animation time: 69.53999954462051
[20:18:16] [INFO] forge.js#25: Animation time: 69.71999955177307
[20:18:16] [INFO] forge.js#25: Animation time: 69.87999951839447
[20:18:16] [INFO] forge.js#25: Animation time: 70.03999951481819
[20:18:16] [INFO] forge.js#25: Animation time: 70.21999952197075
[20:18:16] [INFO] forge.js#25: Animation time: 70.37999951839447
[20:18:16] [INFO] forge.js#25: Animation time: 70.53999948501587
[20:18:16] [INFO] forge.js#25: Animation time: 70.71999949216843
[20:18:16] [INFO] forge.js#25: Animation time: 70.87999951839447
[20:18:16] [INFO] forge.js#25: Animation time: 71.05999952554703
[20:18:16] [INFO] forge.js#25: Animation time: 71.21999952197075
[20:18:16] [INFO] forge.js#25: Animation time: 71.39999949932098
[20:18:16] [INFO] forge.js#25: Animation time: 71.57999950647354
[20:18:16] [INFO] forge.js#25: Animation time: 71.77999949455261
[20:18:16] [INFO] forge.js#25: Animation time: 71.97999954223633
[20:18:16] [INFO] forge.js#25: Animation time: 72.1799995303154
[20:18:16] [INFO] forge.js#25: Animation time: 72.33999952673912
[20:18:16] [INFO] forge.js#25: Animation time: 72.51999950408936
[20:18:16] [INFO] forge.js#25: Animation time: 72.71999949216843
[20:18:16] [INFO] forge.js#25: Animation time: 72.87999951839447
[20:18:16] [INFO] forge.js#25: Animation time: 73.05999952554703
[20:18:16] [INFO] forge.js#25: Animation time: 73.21999952197075
[20:18:16] [INFO] forge.js#25: Animation time: 73.39999949932098
[20:18:16] [INFO] forge.js#25: Animation time: 73.57999950647354
[20:18:16] [INFO] forge.js#25: Animation time: 73.73999953269958
[20:18:16] [INFO] forge.js#25: Animation time: 73.91999959945679
[20:18:16] [INFO] forge.js#25: Animation time: 74.09999960660934
[20:18:16] [INFO] forge.js#25: Animation time: 74.25999960303307
[20:18:16] [INFO] forge.js#25: Animation time: 74.41999959945679
[20:18:16] [INFO] forge.js#25: Animation time: 74.59999960660934
[20:18:16] [INFO] forge.js#25: Animation time: 74.75999963283539
[20:18:16] [INFO] forge.js#25: Animation time: 74.91999959945679
[20:18:16] [INFO] forge.js#25: Animation time: 75.09999960660934
[20:18:16] [INFO] forge.js#25: Animation time: 75.2799996137619
[20:18:16] [INFO] forge.js#25: Animation time: 75.4399995803833
[20:18:16] [INFO] forge.js#25: Animation time: 75.5999995470047
[20:18:16] [INFO] forge.js#25: Animation time: 75.77999955415726
[20:18:18] [INFO] forge.js#25: Animation time: 118.85999894142151
[20:18:18] [INFO] forge.js#25: Animation time: 119.01999893784523
[20:18:18] [INFO] forge.js#25: Animation time: 119.19999894499779
[20:18:18] [INFO] forge.js#25: Animation time: 119.35999894142151
[20:18:18] [INFO] forge.js#25: Animation time: 119.51999890804291
[20:18:18] [INFO] forge.js#25: Animation time: 119.71999889612198
[20:18:18] [INFO] forge.js#25: Animation time: 119.87999892234802
[20:18:18] [INFO] forge.js#25: Animation time: 120.05999892950058
[20:18:18] [INFO] forge.js#25: Animation time: 120.23999893665314
[20:18:19] [INFO] forge.js#25: Animation time: 120.39999890327454
[20:18:19] [INFO] forge.js#25: Animation time: 120.5799989104271
[20:18:19] [INFO] forge.js#25: Animation time: 120.73999893665314
[20:18:19] [INFO] forge.js#25: Animation time: 120.91999888420105
[20:18:19] [INFO] forge.js#25: Animation time: 121.07999888062477
[20:18:19] [INFO] forge.js#25: Animation time: 121.23999887704849
[20:18:19] [INFO] forge.js#25: Animation time: 121.41999888420105
[20:18:19] [INFO] forge.js#25: Animation time: 121.57999885082245
[20:18:19] [INFO] forge.js#25: Animation time: 121.73999881744385
[20:18:19] [INFO] forge.js#25: Animation time: 121.91999888420105
[20:18:19] [INFO] forge.js#25: Animation time: 122.11999887228012
[20:18:19] [INFO] forge.js#25: Animation time: 122.27999886870384
[20:18:19] [INFO] forge.js#25: Animation time: 122.45999884605408
[20:18:19] [INFO] forge.js#25: Animation time: 122.61999881267548
[20:18:19] [INFO] forge.js#25: Animation time: 122.79999881982803
[20:18:19] [INFO] forge.js#25: Animation time: 122.95999884605408
[20:18:19] [INFO] forge.js#25: Animation time: 123.15999883413315
[20:18:19] [INFO] forge.js#25: Animation time: 123.31999883055687
[20:18:19] [INFO] forge.js#25: Animation time: 123.47999882698059
[20:18:19] [INFO] forge.js#25: Animation time: 123.65999883413315
[20:18:19] [INFO] forge.js#25: Animation time: 123.81999886035919
[20:18:19] [INFO] forge.js#25: Animation time: 123.9999988079071
[20:18:19] [INFO] forge.js#25: Animation time: 124.15999880433083
[20:18:19] [INFO] forge.js#25: Animation time: 124.33999881148338
[20:18:19] [INFO] forge.js#25: Animation time: 124.51999878883362
[20:18:19] [INFO] forge.js#25: Animation time: 124.67999875545502
[20:18:19] [INFO] forge.js#25: Animation time: 124.85999870300293
[20:18:19] [INFO] forge.js#25: Animation time: 125.01999869942665
[20:18:19] [INFO] forge.js#25: Animation time: 125.19999870657921
[20:18:19] [INFO] forge.js#25: Animation time: 125.35999870300293
[20:18:19] [INFO] forge.js#25: Animation time: 125.51999866962433
[20:18:19] [INFO] forge.js#25: Animation time: 125.69999867677689
[20:18:19] [INFO] forge.js#25: Animation time: 125.85999870300293
[20:18:19] [INFO] forge.js#25: Animation time: 126.03999871015549
[20:18:19] [INFO] forge.js#25: Animation time: 126.19999870657921
[20:18:19] [INFO] forge.js#25: Animation time: 126.35999870300293
[20:18:19] [INFO] forge.js#25: Animation time: 126.53999871015549
[20:18:19] [INFO] forge.js#25: Animation time: 126.69999873638153
[20:18:19] [INFO] forge.js#25: Animation time: 126.87999868392944
[20:18:19] [INFO] forge.js#25: Animation time: 127.03999868035316
[20:18:19] [INFO] forge.js#25: Animation time: 127.21999868750572
[20:18:19] [INFO] forge.js#25: Animation time: 127.39999866485596
[20:18:19] [INFO] forge.js#25: Animation time: 127.55999863147736
[20:18:19] [INFO] forge.js#25: Animation time: 127.73999863862991
[20:18:19] [INFO] forge.js#25: Animation time: 127.89999866485596
[20:18:19] [INFO] forge.js#25: Animation time: 128.05999866127968
[20:18:19] [INFO] forge.js#25: Animation time: 128.23999866843224
[20:18:19] [INFO] forge.js#25: Animation time: 128.39999866485596
[20:18:19] [INFO] forge.js#25: Animation time: 128.57999867200851
[20:18:19] [INFO] forge.js#25: Animation time: 128.73999869823456
[20:18:19] [INFO] forge.js#25: Animation time: 128.91999864578247
[20:18:19] [INFO] forge.js#25: Animation time: 129.0799986422062
[20:18:19] [INFO] forge.js#25: Animation time: 129.2399986386299
[20:18:19] [INFO] forge.js#25: Animation time: 129.41999864578247
[20:18:19] [INFO] forge.js#25: Animation time: 129.57999861240387
[20:18:19] [INFO] forge.js#25: Animation time: 129.75999861955643
[20:18:19] [INFO] forge.js#25: Animation time: 129.91999864578247
[20:18:19] [INFO] forge.js#25: Animation time: 130.09999865293503
[20:18:19] [INFO] forge.js#25: Animation time: 130.25999864935875
[20:18:19] [INFO] forge.js#25: Animation time: 130.43999862670898
[20:18:19] [INFO] forge.js#25: Animation time: 130.61999863386154
[20:18:19] [INFO] forge.js#25: Animation time: 130.77999866008759
[20:18:19] [INFO] forge.js#25: Animation time: 130.9599986076355
[20:18:19] [INFO] forge.js#25: Animation time: 131.13999861478806
[20:18:19] [INFO] forge.js#25: Animation time: 131.29999861121178
[20:18:19] [INFO] forge.js#25: Animation time: 131.479998588562
[20:18:19] [INFO] forge.js#25: Animation time: 131.6399985551834
[20:18:19] [INFO] forge.js#25: Animation time: 131.7999985218048
[20:18:19] [INFO] forge.js#25: Animation time: 131.979998588562
[20:18:19] [INFO] forge.js#25: Animation time: 132.13999858498573
[20:18:19] [INFO] forge.js#25: Animation time: 132.3199985921383
[20:18:19] [INFO] forge.js#25: Animation time: 132.479998588562
[20:18:19] [INFO] forge.js#25: Animation time: 132.65999859571457
[20:18:19] [INFO] forge.js#25: Animation time: 132.8199986219406
[20:18:19] [INFO] forge.js#25: Animation time: 132.99999856948853
[20:18:19] [INFO] forge.js#25: Animation time: 133.15999856591225
[20:18:19] [INFO] forge.js#25: Animation time: 133.3399985730648
[20:18:19] [INFO] forge.js#25: Animation time: 133.49999856948853
[20:18:19] [INFO] forge.js#25: Animation time: 133.67999857664108
[20:18:19] [INFO] forge.js#25: Animation time: 133.85999858379364
[20:18:19] [INFO] forge.js#25: Animation time: 134.01999858021736
[20:18:19] [INFO] forge.js#25: Animation time: 134.19999858736992
[20:18:19] [INFO] forge.js#25: Animation time: 134.35999858379364
[20:18:19] [INFO] forge.js#25: Animation time: 134.51999855041504
[20:18:19] [INFO] forge.js#25: Animation time: 134.6999985575676
[20:18:19] [INFO] forge.js#25: Animation time: 134.87999856472015
[20:18:19] [INFO] forge.js#25: Animation time: 135.03999856114388
[20:18:19] [INFO] forge.js#25: Animation time: 135.21999856829643
[20:18:19] [INFO] forge.js#25: Animation time: 135.39999854564667
[20:18:19] [INFO] forge.js#25: Animation time: 135.55999851226807
[20:18:19] [INFO] forge.js#25: Animation time: 135.71999847888947
[20:18:19] [INFO] forge.js#25: Animation time: 135.89999842643738
[20:18:19] [INFO] forge.js#25: Animation time: 136.07999843358994
[20:18:19] [INFO] forge.js#25: Animation time: 136.2599984407425
[20:18:19] [INFO] forge.js#25: Animation time: 136.4199984073639
[20:18:19] [INFO] forge.js#25: Animation time: 136.5799983739853
[20:18:19] [INFO] forge.js#25: Animation time: 136.75999838113785
[20:18:20] [INFO] forge.js#25: Animation time: 150.87999820709229
[20:18:20] [INFO] forge.js#25: Animation time: 151.05999821424484
[20:18:20] [INFO] forge.js#25: Animation time: 151.21999821066856
[20:18:20] [INFO] forge.js#25: Animation time: 151.3999981880188
[20:18:20] [INFO] forge.js#25: Animation time: 151.5599981546402
[20:18:20] [INFO] forge.js#25: Animation time: 151.7199981212616
[20:18:20] [INFO] forge.js#25: Animation time: 151.8999981880188
[20:18:20] [INFO] forge.js#25: Animation time: 152.05999818444252
[20:18:20] [INFO] forge.js#25: Animation time: 152.23999819159508
[20:18:20] [INFO] forge.js#25: Animation time: 152.3999981880188
[20:18:20] [INFO] forge.js#25: Animation time: 152.59999817609787
[20:18:20] [INFO] forge.js#25: Animation time: 152.7599982023239
[20:18:20] [INFO] forge.js#25: Animation time: 152.9199981689453
[20:18:20] [INFO] forge.js#25: Animation time: 153.11999815702438
[20:18:20] [INFO] forge.js#25: Animation time: 153.29999816417694
[20:18:20] [INFO] forge.js#25: Animation time: 153.4799981713295
[20:18:20] [INFO] forge.js#25: Animation time: 153.63999819755554
[20:18:20] [INFO] forge.js#25: Animation time: 153.8199982047081
[20:18:20] [INFO] forge.js#25: Animation time: 153.97999823093414
[20:18:20] [INFO] forge.js#25: Animation time: 154.13999822735786
[20:18:20] [INFO] forge.js#25: Animation time: 154.29999822378159
[20:18:20] [INFO] forge.js#25: Animation time: 154.47999823093414
[20:18:20] [INFO] forge.js#25: Animation time: 154.63999819755554
[20:18:20] [INFO] forge.js#25: Animation time: 154.79999816417694
[20:18:20] [INFO] forge.js#25: Animation time: 154.97999811172485
[20:18:20] [INFO] forge.js#25: Animation time: 155.13999810814857
[20:18:20] [INFO] forge.js#25: Animation time: 155.2999981045723
[20:18:20] [INFO] forge.js#25: Animation time: 155.47999811172485
[20:18:20] [INFO] forge.js#25: Animation time: 155.63999807834625
[20:18:20] [INFO] forge.js#25: Animation time: 155.79999804496765
[20:18:20] [INFO] forge.js#25: Animation time: 155.97999811172485
[20:18:20] [INFO] forge.js#25: Animation time: 156.1599981188774
[20:18:20] [INFO] forge.js#25: Animation time: 156.33999812602997
[20:18:20] [INFO] forge.js#25: Animation time: 156.49999809265137
[20:18:20] [INFO] forge.js#25: Animation time: 156.65999805927277
[20:18:20] [INFO] forge.js#25: Animation time: 156.81999802589417
[20:18:20] [INFO] forge.js#25: Animation time: 156.99999809265137
[20:18:20] [INFO] forge.js#25: Animation time: 157.1599980890751
[20:18:20] [INFO] forge.js#25: Animation time: 157.3199980854988
[20:18:20] [INFO] forge.js#25: Animation time: 157.49999809265137
[20:18:20] [INFO] forge.js#25: Animation time: 157.65999805927277
[20:18:20] [INFO] forge.js#25: Animation time: 157.81999802589417
[20:18:20] [INFO] forge.js#25: Animation time: 157.99999809265137
[20:18:20] [INFO] forge.js#25: Animation time: 158.1599980890751
[20:18:20] [INFO] forge.js#25: Animation time: 158.3199980854988
[20:18:20] [INFO] forge.js#25: Animation time: 158.49999809265137
[20:18:20] [INFO] forge.js#25: Animation time: 158.65999805927277
[20:18:20] [INFO] forge.js#25: Animation time: 158.83999806642532
[20:18:20] [INFO] forge.js#25: Animation time: 158.99999809265137
[20:18:20] [INFO] forge.js#25: Animation time: 159.17999809980392
[20:18:20] [INFO] forge.js#25: Animation time: 159.33999809622765
[20:18:20] [INFO] forge.js#25: Animation time: 159.49999809265137
[20:18:20] [INFO] forge.js#25: Animation time: 159.67999809980392
[20:18:20] [INFO] forge.js#25: Animation time: 159.83999812602997
[20:18:20] [INFO] forge.js#25: Animation time: 159.99999809265137
[20:18:20] [INFO] forge.js#25: Animation time: 160.17999809980392
[20:18:21] [INFO] forge.js#25: Animation time: 160.33999809622765
[20:18:21] [INFO] forge.js#25: Animation time: 160.51999807357788
[20:18:21] [INFO] forge.js#25: Animation time: 160.67999804019928
[20:18:21] [INFO] forge.js#25: Animation time: 160.8599979877472
[20:18:21] [INFO] forge.js#25: Animation time: 161.0199979841709
[20:18:21] [INFO] forge.js#25: Animation time: 161.17999798059464
[20:18:21] [INFO] forge.js#25: Animation time: 161.45999801158905
[20:18:21] [INFO] forge.js#25: Animation time: 161.6399980187416
[20:18:21] [INFO] forge.js#25: Animation time: 161.79999804496765
[20:18:21] [INFO] forge.js#25: Animation time: 161.95999801158905
[20:18:21] [INFO] forge.js#25: Animation time: 162.1399980187416
[20:18:21] [INFO] forge.js#25: Animation time: 162.29999801516533
[20:18:21] [INFO] forge.js#25: Animation time: 162.47999799251556
[20:18:21] [INFO] forge.js#25: Animation time: 162.65999799966812
[20:18:21] [INFO] forge.js#25: Animation time: 162.81999802589417
[20:18:21] [INFO] forge.js#25: Animation time: 162.97999799251556
[20:18:21] [INFO] forge.js#25: Animation time: 163.15999799966812
[20:18:21] [INFO] forge.js#25: Animation time: 163.31999799609184
[20:18:21] [INFO] forge.js#25: Animation time: 163.47999799251556
[20:18:21] [INFO] forge.js#25: Animation time: 163.67999798059464
[20:18:21] [INFO] forge.js#25: Animation time: 163.83999800682068
[20:18:21] [INFO] forge.js#25: Animation time: 163.99999797344208
[20:18:21] [INFO] forge.js#25: Animation time: 164.17999798059464
[20:18:21] [INFO] forge.js#25: Animation time: 164.3599979877472
[20:18:21] [INFO] forge.js#25: Animation time: 164.5199979543686
[20:18:21] [INFO] forge.js#25: Animation time: 164.69999796152115
[20:18:21] [INFO] forge.js#25: Animation time: 164.8599979877472
[20:18:21] [INFO] forge.js#25: Animation time: 165.03999799489975
[20:18:21] [INFO] forge.js#25: Animation time: 165.2199980020523
[20:18:21] [INFO] forge.js#25: Animation time: 165.39999800920486
[20:18:21] [INFO] forge.js#25: Animation time: 165.57999801635742
[20:18:21] [INFO] forge.js#25: Animation time: 165.73999798297882
[20:18:22] [INFO] forge.js#25: Animation time: 9.419999778270721
[20:18:22] [INFO] forge.js#25: Animation time: 9.599999785423279
[20:18:22] [INFO] forge.js#25: Animation time: 9.759999781847
[20:18:22] [INFO] forge.js#25: Animation time: 9.919999778270721
[20:18:22] [INFO] forge.js#25: Animation time: 10.07999974489212
[20:18:22] [INFO] forge.js#25: Animation time: 10.259999752044678
[20:18:22] [INFO] forge.js#25: Animation time: 10.419999778270721
[20:18:22] [INFO] forge.js#25: Animation time: 10.599999785423279
[20:18:22] [INFO] forge.js#25: Animation time: 10.759999781847
[20:18:22] [INFO] forge.js#25: Animation time: 10.919999778270721
[20:18:22] [INFO] forge.js#25: Animation time: 11.099999785423279
[20:18:22] [INFO] forge.js#25: Animation time: 11.279999792575836
[20:18:22] [INFO] forge.js#25: Animation time: 11.439999759197235
[20:18:22] [INFO] forge.js#25: Animation time: 11.639999747276306
[20:18:22] [INFO] forge.js#25: Animation time: 11.79999977350235
[20:18:22] [INFO] forge.js#25: Animation time: 11.959999740123749
[20:18:22] [INFO] forge.js#25: Animation time: 12.139999747276306
[20:18:22] [INFO] forge.js#25: Animation time: 12.29999977350235
[20:18:22] [INFO] forge.js#25: Animation time: 12.459999769926071
[20:18:22] [INFO] forge.js#25: Animation time: 12.639999777078629
[20:18:22] [INFO] forge.js#25: Animation time: 12.819999754428864
[20:18:22] [INFO] forge.js#25: Animation time: 12.979999721050262
[20:18:22] [INFO] forge.js#25: Animation time: 13.15999972820282
[20:18:22] [INFO] forge.js#25: Animation time: 13.319999754428864
[20:18:22] [INFO] forge.js#25: Animation time: 13.479999750852585
[20:18:22] [INFO] forge.js#25: Animation time: 13.659999758005142
[20:18:22] [INFO] forge.js#25: Animation time: 13.819999754428864
[20:18:22] [INFO] forge.js#25: Animation time: 13.999999761581421
[20:18:22] [INFO] forge.js#25: Animation time: 14.159999787807465
[20:18:22] [INFO] forge.js#25: Animation time: 14.319999754428864
[20:18:22] [INFO] forge.js#25: Animation time: 14.639999747276306
[20:18:22] [INFO] forge.js#25: Animation time: 14.79999977350235
[20:18:22] [INFO] forge.js#25: Animation time: 14.979999780654907
[20:18:22] [INFO] forge.js#25: Animation time: 15.139999806880951
[20:18:22] [INFO] forge.js#25: Animation time: 15.29999977350235
[20:18:22] [INFO] forge.js#25: Animation time: 15.479999780654907
[20:18:22] [INFO] forge.js#25: Animation time: 15.639999777078629
[20:18:22] [INFO] forge.js#25: Animation time: 15.79999977350235
[20:18:22] [INFO] forge.js#25: Animation time: 15.979999780654907
[20:18:22] [INFO] forge.js#25: Animation time: 16.13999980688095
[20:18:22] [INFO] forge.js#25: Animation time: 16.29999977350235
[20:18:22] [INFO] forge.js#25: Animation time: 16.479999780654907
[20:18:22] [INFO] forge.js#25: Animation time: 16.63999977707863
[20:18:22] [INFO] forge.js#25: Animation time: 16.79999977350235
[20:18:22] [INFO] forge.js#25: Animation time: 16.979999780654907
[20:18:22] [INFO] forge.js#25: Animation time: 17.13999980688095
[20:18:22] [INFO] forge.js#25: Animation time: 17.29999977350235
[20:18:22] [INFO] forge.js#25: Animation time: 17.479999780654907
[20:18:22] [INFO] forge.js#25: Animation time: 17.659999787807465
[20:18:22] [INFO] forge.js#25: Animation time: 17.819999754428864
[20:18:22] [INFO] forge.js#25: Animation time: 17.99999976158142
[20:18:22] [INFO] forge.js#25: Animation time: 18.159999787807465
[20:18:22] [INFO] forge.js#25: Animation time: 18.339999854564667
[20:18:22] [INFO] forge.js#25: Animation time: 18.479999855160713
[20:18:22] [INFO] forge.js#25: Animation time: 18.65999984741211
[20:18:22] [INFO] forge.js#25: Animation time: 18.819999873638153
[20:18:22] [INFO] forge.js#25: Animation time: 18.99999988079071
[20:18:22] [INFO] forge.js#25: Animation time: 19.159999907016754
[20:18:22] [INFO] forge.js#25: Animation time: 19.319999873638153
[20:18:22] [INFO] forge.js#25: Animation time: 19.49999988079071
[20:18:22] [INFO] forge.js#25: Animation time: 19.65999987721443
[20:18:22] [INFO] forge.js#25: Animation time: 19.839999854564667
[20:18:22] [INFO] forge.js#25: Animation time: 19.999999821186066
[20:18:22] [INFO] forge.js#25: Animation time: 20.179999828338623
[20:18:22] [INFO] forge.js#25: Animation time: 20.339999854564667
[20:18:22] [INFO] forge.js#25: Animation time: 20.519999861717224
[20:18:22] [INFO] forge.js#25: Animation time: 20.679999858140945
[20:18:22] [INFO] forge.js#25: Animation time: 20.839999854564667
[20:18:22] [INFO] forge.js#25: Animation time: 21.019999861717224
[20:18:22] [INFO] forge.js#25: Animation time: 21.179999887943268
[20:18:22] [INFO] forge.js#25: Animation time: 21.35999983549118
[20:18:22] [INFO] forge.js#25: Animation time: 21.5199998319149
[20:18:22] [INFO] forge.js#25: Animation time: 21.69999983906746
[20:18:22] [INFO] forge.js#25: Animation time: 21.85999983549118
[20:18:22] [INFO] forge.js#25: Animation time: 22.01999980211258
[20:18:22] [INFO] forge.js#25: Animation time: 22.17999976873398
[20:18:22] [INFO] forge.js#25: Animation time: 22.35999983549118
[20:18:22] [INFO] forge.js#25: Animation time: 22.5199998319149
[20:18:22] [INFO] forge.js#25: Animation time: 22.69999983906746
[20:18:22] [INFO] forge.js#25: Animation time: 22.85999983549118
[20:18:22] [INFO] forge.js#25: Animation time: 23.01999980211258
[20:18:22] [INFO] forge.js#25: Animation time: 23.199999809265137
[20:18:22] [INFO] forge.js#25: Animation time: 23.35999983549118
[20:18:22] [INFO] forge.js#25: Animation time: 23.5199998319149
[20:18:22] [INFO] forge.js#25: Animation time: 23.69999983906746
[20:18:22] [INFO] forge.js#25: Animation time: 23.879999816417694
[20:18:22] [INFO] forge.js#25: Animation time: 24.039999783039093
[20:18:22] [INFO] forge.js#25: Animation time: 24.199999749660492
[20:18:22] [INFO] forge.js#25: Animation time: 24.379999816417694
[20:18:22] [INFO] forge.js#25: Animation time: 24.539999812841415
[20:18:22] [INFO] forge.js#25: Animation time: 24.699999809265137
[20:18:22] [INFO] forge.js#25: Animation time: 24.879999816417694
[20:18:22] [INFO] forge.js#25: Animation time: 25.039999783039093
[20:18:22] [INFO] forge.js#25: Animation time: 25.199999749660492
[20:18:22] [INFO] forge.js#25: Animation time: 25.379999816417694
[20:18:22] [INFO] forge.js#25: Animation time: 25.539999812841415
[20:18:22] [INFO] forge.js#25: Animation time: 25.719999819993973
[20:18:22] [INFO] forge.js#25: Animation time: 25.899999797344208
[20:18:22] [INFO] forge.js#25: Animation time: 26.059999763965607
[20:18:22] [INFO] forge.js#25: Animation time: 26.219999730587006
[20:18:22] [INFO] forge.js#25: Animation time: 26.399999797344208
[20:18:22] [INFO] forge.js#25: Animation time: 26.579999804496765
[20:18:22] [INFO] forge.js#25: Animation time: 26.739999800920486
[20:18:22] [INFO] forge.js#25: Animation time: 26.91999977827072
[20:18:22] [INFO] forge.js#25: Animation time: 27.07999974489212
[20:18:22] [INFO] forge.js#25: Animation time: 27.23999971151352
[20:18:22] [INFO] forge.js#25: Animation time: 27.439999759197235
[20:18:22] [INFO] forge.js#25: Animation time: 27.599999755620956
[20:18:23] [INFO] forge.js#25: Animation time: 27.759999752044678
[20:18:23] [INFO] forge.js#25: Animation time: 27.939999759197235
[20:18:23] [INFO] forge.js#25: Animation time: 28.119999766349792
[20:18:23] [INFO] forge.js#25: Animation time: 28.279999792575836
[20:18:23] [INFO] forge.js#25: Animation time: 28.45999974012375
[20:18:23] [INFO] forge.js#25: Animation time: 28.639999747276306
[20:18:23] [INFO] forge.js#25: Animation time: 28.79999977350235
[20:18:23] [INFO] forge.js#25: Animation time: 28.95999974012375
[20:18:23] [INFO] forge.js#25: Animation time: 29.139999747276306
[20:18:23] [INFO] forge.js#25: Animation time: 29.29999977350235
[20:18:23] [INFO] forge.js#25: Animation time: 29.479999780654907
[20:18:23] [INFO] forge.js#25: Animation time: 29.63999977707863
[20:18:23] [INFO] forge.js#25: Animation time: 29.819999754428864
[20:18:23] [INFO] forge.js#25: Animation time: 29.979999721050262
[20:18:23] [INFO] forge.js#25: Animation time: 30.15999972820282
[20:18:23] [INFO] forge.js#25: Animation time: 30.319999754428864
[20:18:23] [INFO] forge.js#25: Animation time: 30.479999750852585
[20:18:23] [INFO] forge.js#25: Animation time: 30.659999758005142
[20:18:23] [INFO] forge.js#25: Animation time: 30.819999754428864
[20:18:23] [INFO] forge.js#25: Animation time: 30.979999721050262
[20:18:23] [INFO] forge.js#25: Animation time: 31.15999972820282
[20:18:23] [INFO] forge.js#25: Animation time: 31.339999735355377
[20:18:23] [INFO] forge.js#25: Animation time: 31.519999742507935
[20:18:23] [INFO] forge.js#25: Animation time: 31.699999749660492
[20:18:23] [INFO] forge.js#25: Animation time: 31.85999971628189
[20:18:23] [INFO] forge.js#25: Animation time: 32.03999972343445
[20:18:23] [INFO] forge.js#25: Animation time: 32.19999974966049
[20:18:23] [INFO] forge.js#25: Animation time: 32.379999816417694
[20:18:23] [INFO] forge.js#25: Animation time: 32.539999812841415
[20:18:23] [INFO] forge.js#25: Animation time: 32.71999981999397
[20:18:23] [INFO] forge.js#25: Animation time: 32.879999816417694
[20:18:23] [INFO] forge.js#25: Animation time: 33.05999982357025
[20:18:23] [INFO] forge.js#25: Animation time: 33.219999849796295
[20:18:23] [INFO] forge.js#25: Animation time: 33.39999979734421
[20:18:23] [INFO] forge.js#25: Animation time: 33.55999979376793
[20:18:23] [INFO] forge.js#25: Animation time: 33.71999979019165
[20:18:23] [INFO] forge.js#25: Animation time: 33.89999979734421
[20:18:23] [INFO] forge.js#25: Animation time: 34.05999976396561
[20:18:23] [INFO] forge.js#25: Animation time: 34.239999771118164
