[00:00:18] [Render thread/INFO]: [System] [CHAT] Set the time to 5990
[00:00:18] [Server thread/INFO]: [Liopyu: Set the time to 5990]
[00:01:50] [Server thread/INFO]: [Liopyu: Set own game mode to Creative Mode]
[00:01:50] [Render thread/INFO]: [System] [CHAT] Set own game mode to Creative Mode
[00:05:43] [Server thread/INFO]: [Liopyu: Gamerule doDaylightCycle is now set to: false]
[00:05:43] [Render thread/INFO]: [System] [CHAT] Gamerule doDaylightCycle is now set to: false
[00:05:46] [Server thread/INFO]: [Liopyu: Set the time to 1000]
[00:05:46] [Render thread/INFO]: [System] [CHAT] Set the time to 1000
[00:05:49] [Server thread/INFO]: [Liopyu: Set own game mode to Survival Mode]
[00:05:49] [Render thread/INFO]: [System] [CHAT] Set own game mode to Survival Mode
[00:05:50] [Server thread/INFO]: [Liopyu: Set own game mode to Creative Mode]
[00:05:50] [Render thread/INFO]: [System] [CHAT] Set own game mode to Creative Mode
[00:05:51] [Server thread/INFO]: [Liopyu: Set own game mode to Spectator Mode]
[00:05:51] [Render thread/INFO]: [System] [CHAT] Set own game mode to Spectator Mode
[00:05:52] [Server thread/INFO]: [Liopyu: Set own game mode to Creative Mode]
[00:05:52] [Render thread/INFO]: [System] [CHAT] Set own game mode to Creative Mode
[00:07:45] [Server thread/INFO]: Saving and pausing game...
[00:07:45] [Server thread/INFO]: Saving chunks for level 'ServerLevel[Other structures]'/minecraft:overworld
[00:07:45] [Server thread/INFO]: Saving chunks for level 'ServerLevel[Other structures]'/minecraft:the_end
[00:07:45] [Server thread/INFO]: Saving chunks for level 'ServerLevel[Other structures]'/minecraft:the_nether
[00:07:46] [Server thread/INFO]: Saving and pausing game...
[00:07:46] [Server thread/INFO]: Saving chunks for level 'ServerLevel[Other structures]'/minecraft:overworld
[00:07:46] [Server thread/INFO]: Saving chunks for level 'ServerLevel[Other structures]'/minecraft:the_end
[00:07:46] [Server thread/INFO]: Saving chunks for level 'ServerLevel[Other structures]'/minecraft:the_nether
[00:07:46] [Render thread/INFO]: Finalizing world map session...
[00:07:46] [Thread-7/INFO]: World map cleaned normally!
[00:07:46] [Render thread/INFO]: World map session finalized.
[00:07:46] [Render thread/INFO]: JEI StartEventObserver received class net.minecraftforge.client.event.ClientPlayerNetworkEvent$LoggingOut
[00:07:46] [Render thread/INFO]: JEI StartEventObserver transitioning state from JEI_STARTED to DISABLED
[00:07:46] [Render thread/INFO]: Stopping JEI
[00:07:46] [Render thread/INFO]: Sending Runtime Unavailable...
[00:07:46] [Render thread/INFO]: Stopping JEI GUI
[00:07:46] [Render thread/INFO]: Sending Runtime Unavailable took 2.861 ms
[00:07:46] [Server thread/INFO]: Liopyu lost connection: Disconnected
[00:07:46] [Server thread/INFO]: Liopyu left the game
[00:07:46] [Server thread/INFO]: Stopping singleplayer server as player logged out
[00:07:46] [Server thread/INFO]: Stopping server
[00:07:46] [Server thread/INFO]: Saving players
[00:07:46] [Server thread/INFO]: Saving worlds
[00:07:46] [Server thread/INFO]: Saving chunks for level 'ServerLevel[Other structures]'/minecraft:overworld
[00:07:46] [Server thread/INFO]: Saving chunks for level 'ServerLevel[Other structures]'/minecraft:the_end
[00:07:46] [Server thread/INFO]: Saving chunks for level 'ServerLevel[Other structures]'/minecraft:the_nether
[00:07:46] [Server thread/INFO]: ThreadedAnvilChunkStorage (Other structures): All chunks are saved
[00:07:46] [Server thread/INFO]: ThreadedAnvilChunkStorage (DIM1): All chunks are saved
[00:07:46] [Server thread/INFO]: ThreadedAnvilChunkStorage (DIM-1): All chunks are saved
[00:07:46] [Server thread/INFO]: ThreadedAnvilChunkStorage: All dimensions are saved
[00:07:47] [Render thread/INFO]: Stopping worker threads
[00:07:48] [Render thread/INFO]: Stopping!
